<?xml version="1.0" encoding="UTF-8"?>
<coverage generated="1781933772768" clover="3.2.0">
  <project timestamp="1781933772769" name="All files">
    <metrics statements="217" coveredstatements="98" conditionals="178" coveredconditionals="50" methods="46" coveredmethods="16" elements="441" coveredelements="164" complexity="0" loc="217" ncloc="217" packages="1" files="1" classes="1"/>
    <file name="page.tsx" path="D:\Desktop\Challenge 3\frontend\app\page.tsx">
      <metrics statements="217" coveredstatements="98" conditionals="178" coveredconditionals="50" methods="46" coveredmethods="16"/>
      <line num="3" count="3" type="stmt"/>
      <line num="25" count="3" type="stmt"/>
      <line num="27" count="43" type="stmt"/>
      <line num="28" count="91" type="stmt"/>
      <line num="31" count="89" type="stmt"/>
      <line num="43" count="89" type="stmt"/>
      <line num="44" count="89" type="stmt"/>
      <line num="45" count="89" type="stmt"/>
      <line num="46" count="89" type="stmt"/>
      <line num="47" count="89" type="stmt"/>
      <line num="48" count="89" type="stmt"/>
      <line num="49" count="89" type="stmt"/>
      <line num="57" count="89" type="stmt"/>
      <line num="58" count="89" type="stmt"/>
      <line num="59" count="89" type="stmt"/>
      <line num="60" count="89" type="stmt"/>
      <line num="61" count="89" type="stmt"/>
      <line num="62" count="89" type="stmt"/>
      <line num="63" count="89" type="stmt"/>
      <line num="64" count="89" type="stmt"/>
      <line num="65" count="89" type="stmt"/>
      <line num="67" count="89" type="stmt"/>
      <line num="68" count="0" type="cond" truecount="0" falsecount="4"/>
      <line num="69" count="0" type="stmt"/>
      <line num="70" count="0" type="stmt"/>
      <line num="72" count="0" type="stmt"/>
      <line num="73" count="0" type="stmt"/>
      <line num="74" count="0" type="stmt"/>
      <line num="75" count="0" type="cond" truecount="0" falsecount="2"/>
      <line num="76" count="0" type="stmt"/>
      <line num="79" count="0" type="stmt"/>
      <line num="82" count="89" type="stmt"/>
      <line num="83" count="89" type="stmt"/>
      <line num="84" count="89" type="stmt"/>
      <line num="87" count="89" type="stmt"/>
      <line num="88" count="89" type="stmt"/>
      <line num="89" count="89" type="stmt"/>
      <line num="91" count="89" type="stmt"/>
      <line num="93" count="89" type="cond" truecount="2" falsecount="0"/>
      <line num="96" count="89" type="stmt"/>
      <line num="97" count="44" type="stmt"/>
      <line num="99" count="44" type="stmt"/>
      <line num="100" count="44" type="stmt"/>
      <line num="101" count="44" type="cond" truecount="1" falsecount="1"/>
      <line num="102" count="44" type="stmt"/>
      <line num="103" count="44" type="cond" truecount="2" falsecount="3"/>
      <line num="104" count="0" type="stmt"/>
      <line num="109" count="44" type="stmt"/>
      <line num="110" count="44" type="stmt"/>
      <line num="111" count="44" type="cond" truecount="1" falsecount="1"/>
      <line num="114" count="44" type="stmt"/>
      <line num="115" count="44" type="stmt"/>
      <line num="116" count="44" type="cond" truecount="1" falsecount="1"/>
      <line num="119" count="44" type="stmt"/>
      <line num="120" count="44" type="stmt"/>
      <line num="121" count="44" type="cond" truecount="1" falsecount="1"/>
      <line num="124" count="44" type="stmt"/>
      <line num="125" count="44" type="stmt"/>
      <line num="126" count="44" type="cond" truecount="1" falsecount="1"/>
      <line num="129" count="44" type="stmt"/>
      <line num="130" count="44" type="stmt"/>
      <line num="131" count="44" type="cond" truecount="1" falsecount="1"/>
      <line num="134" count="44" type="stmt"/>
      <line num="135" count="44" type="stmt"/>
      <line num="136" count="44" type="cond" truecount="1" falsecount="1"/>
      <line num="139" count="44" type="stmt"/>
      <line num="140" count="44" type="stmt"/>
      <line num="141" count="44" type="cond" truecount="1" falsecount="1"/>
      <line num="144" count="0" type="stmt"/>
      <line num="148" count="89" type="stmt"/>
      <line num="149" count="43" type="stmt"/>
      <line num="152" count="89" type="stmt"/>
      <line num="153" count="85" type="stmt"/>
      <line num="157" count="89" type="stmt"/>
      <line num="158" count="0" type="cond" truecount="0" falsecount="2"/>
      <line num="159" count="0" type="stmt"/>
      <line num="160" count="0" type="stmt"/>
      <line num="161" count="0" type="stmt"/>
      <line num="162" count="0" type="cond" truecount="0" falsecount="2"/>
      <line num="163" count="0" type="stmt"/>
      <line num="164" count="0" type="stmt"/>
      <line num="167" count="0" type="stmt"/>
      <line num="173" count="89" type="stmt"/>
      <line num="174" count="0" type="stmt"/>
      <line num="175" count="0" type="cond" truecount="0" falsecount="2"/>
      <line num="176" count="0" type="stmt"/>
      <line num="177" count="0" type="stmt"/>
      <line num="178" count="0" type="stmt"/>
      <line num="183" count="0" type="stmt"/>
      <line num="184" count="0" type="cond" truecount="0" falsecount="2"/>
      <line num="185" count="0" type="stmt"/>
      <line num="186" count="0" type="cond" truecount="0" falsecount="2"/>
      <line num="187" count="0" type="stmt"/>
      <line num="189" count="0" type="stmt"/>
      <line num="190" count="0" type="stmt"/>
      <line num="192" count="0" type="cond" truecount="0" falsecount="2"/>
      <line num="195" count="0" type="stmt"/>
      <line num="196" count="0" type="stmt"/>
      <line num="198" count="0" type="stmt"/>
      <line num="202" count="89" type="stmt"/>
      <line num="203" count="0" type="stmt"/>
      <line num="204" count="0" type="cond" truecount="0" falsecount="2"/>
      <line num="205" count="0" type="stmt"/>
      <line num="206" count="0" type="stmt"/>
      <line num="207" count="0" type="stmt"/>
      <line num="212" count="0" type="stmt"/>
      <line num="213" count="0" type="cond" truecount="0" falsecount="2"/>
      <line num="214" count="0" type="stmt"/>
      <line num="215" count="0" type="stmt"/>
      <line num="217" count="0" type="cond" truecount="0" falsecount="2"/>
      <line num="220" count="0" type="stmt"/>
      <line num="221" count="0" type="stmt"/>
      <line num="223" count="0" type="stmt"/>
      <line num="227" count="89" type="stmt"/>
      <line num="228" count="0" type="stmt"/>
      <line num="232" count="89" type="stmt"/>
      <line num="233" count="0" type="stmt"/>
      <line num="234" count="0" type="stmt"/>
      <line num="235" count="0" type="stmt"/>
      <line num="236" count="0" type="cond" truecount="0" falsecount="2"/>
      <line num="237" count="0" type="stmt"/>
      <line num="240" count="0" type="stmt"/>
      <line num="245" count="89" type="stmt"/>
      <line num="246" count="0" type="stmt"/>
      <line num="247" count="0" type="stmt"/>
      <line num="248" count="0" type="stmt"/>
      <line num="256" count="0" type="stmt"/>
      <line num="257" count="0" type="cond" truecount="0" falsecount="2"/>
      <line num="258" count="0" type="stmt"/>
      <line num="261" count="0" type="stmt"/>
      <line num="263" count="0" type="stmt"/>
      <line num="267" count="89" type="stmt"/>
      <line num="268" count="1" type="stmt"/>
      <line num="269" count="1" type="cond" truecount="1" falsecount="1"/>
      <line num="271" count="1" type="stmt"/>
      <line num="272" count="1" type="stmt"/>
      <line num="273" count="1" type="stmt"/>
      <line num="276" count="1" type="stmt"/>
      <line num="278" count="1" type="stmt"/>
      <line num="279" count="1" type="stmt"/>
      <line num="284" count="1" type="stmt"/>
      <line num="285" count="1" type="cond" truecount="1" falsecount="1"/>
      <line num="287" count="1" type="stmt"/>
      <line num="290" count="0" type="stmt"/>
      <line num="291" count="0" type="stmt"/>
      <line num="293" count="1" type="stmt"/>
      <line num="297" count="89" type="stmt"/>
      <line num="298" count="1" type="stmt"/>
      <line num="302" count="89" type="stmt"/>
      <line num="303" count="0" type="stmt"/>
      <line num="304" count="0" type="cond" truecount="0" falsecount="4"/>
      <line num="305" count="0" type="stmt"/>
      <line num="306" count="0" type="stmt"/>
      <line num="307" count="0" type="stmt"/>
      <line num="312" count="0" type="stmt"/>
      <line num="313" count="0" type="cond" truecount="0" falsecount="2"/>
      <line num="314" count="0" type="stmt"/>
      <line num="316" count="0" type="cond" truecount="0" falsecount="2"/>
      <line num="319" count="0" type="stmt"/>
      <line num="320" count="0" type="stmt"/>
      <line num="322" count="0" type="stmt"/>
      <line num="326" count="89" type="stmt"/>
      <line num="327" count="0" type="stmt"/>
      <line num="328" count="0" type="stmt"/>
      <line num="333" count="0" type="stmt"/>
      <line num="334" count="0" type="cond" truecount="0" falsecount="2"/>
      <line num="335" count="0" type="stmt"/>
      <line num="336" count="0" type="stmt"/>
      <line num="337" count="0" type="stmt"/>
      <line num="339" count="0" type="cond" truecount="0" falsecount="2"/>
      <line num="342" count="0" type="stmt"/>
      <line num="347" count="89" type="stmt"/>
      <line num="348" count="89" type="cond" truecount="1" falsecount="4"/>
      <line num="349" count="0" type="stmt"/>
      <line num="350" count="89" type="stmt"/>
      <line num="351" count="0" type="stmt"/>
      <line num="352" count="0" type="stmt"/>
      <line num="353" count="0" type="stmt"/>
      <line num="357" count="89" type="stmt"/>
      <line num="358" count="89" type="cond" truecount="1" falsecount="4"/>
      <line num="359" count="0" type="stmt"/>
      <line num="360" count="89" type="stmt"/>
      <line num="361" count="0" type="stmt"/>
      <line num="362" count="0" type="stmt"/>
      <line num="363" count="0" type="stmt"/>
      <line num="506" count="0" type="stmt"/>
      <line num="537" count="0" type="stmt"/>
      <line num="543" count="0" type="stmt"/>
      <line num="549" count="1" type="stmt"/>
      <line num="555" count="1" type="stmt"/>
      <line num="580" count="0" type="stmt"/>
      <line num="606" count="348" type="stmt"/>
      <line num="608" count="0" type="stmt"/>
      <line num="626" count="0" type="stmt"/>
      <line num="677" count="0" type="stmt"/>
      <line num="678" count="0" type="stmt"/>
      <line num="686" count="0" type="stmt"/>
      <line num="690" count="0" type="stmt"/>
      <line num="691" count="0" type="stmt"/>
      <line num="707" count="0" type="stmt"/>
      <line num="708" count="0" type="stmt"/>
      <line num="716" count="0" type="stmt"/>
      <line num="720" count="0" type="stmt"/>
      <line num="721" count="0" type="stmt"/>
      <line num="754" count="0" type="stmt"/>
      <line num="755" count="0" type="cond" truecount="0" falsecount="2"/>
      <line num="756" count="0" type="stmt"/>
      <line num="798" count="0" type="stmt"/>
      <line num="821" count="0" type="stmt"/>
      <line num="852" count="0" type="stmt"/>
      <line num="906" count="1" type="stmt"/>
      <line num="931" count="267" type="stmt"/>
      <line num="933" count="1" type="stmt"/>
      <line num="947" count="1" type="stmt"/>
      <line num="978" count="0" type="stmt"/>
      <line num="1005" count="0" type="stmt"/>
      <line num="1042" count="0" type="stmt"/>
    </file>
  </project>
</coverage>
