{"D:\\Desktop\\Challenge 3\\frontend\\app\\page.tsx": {"path":"D:\\Desktop\\Challenge 3\\frontend\\app\\page.tsx","statementMap":{"0":{"start":{"line":27,"column":24},"end":{"line":27,"column":null}},"1":{"start":{"line":3,"column":44},"end":{"line":3,"column":null}},"2":{"start":{"line":25,"column":7},"end":{"line":25,"column":null}},"3":{"start":{"line":28,"column":36},"end":{"line":28,"column":null}},"4":{"start":{"line":31,"column":26},"end":{"line":41,"column":null}},"5":{"start":{"line":43,"column":38},"end":{"line":43,"column":null}},"6":{"start":{"line":44,"column":38},"end":{"line":44,"column":null}},"7":{"start":{"line":45,"column":50},"end":{"line":45,"column":null}},"8":{"start":{"line":46,"column":40},"end":{"line":46,"column":null}},"9":{"start":{"line":47,"column":32},"end":{"line":47,"column":null}},"10":{"start":{"line":48,"column":40},"end":{"line":48,"column":null}},"11":{"start":{"line":49,"column":34},"end":{"line":54,"column":null}},"12":{"start":{"line":57,"column":32},"end":{"line":57,"column":null}},"13":{"start":{"line":58,"column":32},"end":{"line":58,"column":null}},"14":{"start":{"line":59,"column":36},"end":{"line":59,"column":null}},"15":{"start":{"line":60,"column":40},"end":{"line":60,"column":null}},"16":{"start":{"line":61,"column":40},"end":{"line":61,"column":null}},"17":{"start":{"line":62,"column":36},"end":{"line":62,"column":null}},"18":{"start":{"line":63,"column":52},"end":{"line":63,"column":null}},"19":{"start":{"line":64,"column":48},"end":{"line":64,"column":null}},"20":{"start":{"line":65,"column":40},"end":{"line":65,"column":null}},"21":{"start":{"line":67,"column":27},"end":{"line":81,"column":null}},"22":{"start":{"line":68,"column":4},"end":{"line":71,"column":null}},"23":{"start":{"line":69,"column":6},"end":{"line":69,"column":null}},"24":{"start":{"line":70,"column":6},"end":{"line":70,"column":null}},"25":{"start":{"line":72,"column":4},"end":{"line":80,"column":null}},"26":{"start":{"line":73,"column":18},"end":{"line":73,"column":null}},"27":{"start":{"line":74,"column":19},"end":{"line":74,"column":null}},"28":{"start":{"line":75,"column":6},"end":{"line":77,"column":null}},"29":{"start":{"line":76,"column":8},"end":{"line":76,"column":null}},"30":{"start":{"line":79,"column":6},"end":{"line":79,"column":null}},"31":{"start":{"line":82,"column":48},"end":{"line":82,"column":null}},"32":{"start":{"line":83,"column":58},"end":{"line":83,"column":null}},"33":{"start":{"line":84,"column":52},"end":{"line":84,"column":null}},"34":{"start":{"line":87,"column":44},"end":{"line":87,"column":null}},"35":{"start":{"line":88,"column":40},"end":{"line":88,"column":null}},"36":{"start":{"line":89,"column":38},"end":{"line":89,"column":null}},"37":{"start":{"line":91,"column":21},"end":{"line":91,"column":null}},"38":{"start":{"line":93,"column":18},"end":{"line":93,"column":null}},"39":{"start":{"line":96,"column":20},"end":{"line":146,"column":null}},"40":{"start":{"line":97,"column":4},"end":{"line":145,"column":null}},"41":{"start":{"line":99,"column":22},"end":{"line":99,"column":null}},"42":{"start":{"line":100,"column":23},"end":{"line":100,"column":null}},"43":{"start":{"line":101,"column":6},"end":{"line":106,"column":null}},"44":{"start":{"line":102,"column":8},"end":{"line":102,"column":null}},"45":{"start":{"line":103,"column":8},"end":{"line":105,"column":null}},"46":{"start":{"line":104,"column":10},"end":{"line":104,"column":null}},"47":{"start":{"line":109,"column":21},"end":{"line":109,"column":null}},"48":{"start":{"line":110,"column":22},"end":{"line":110,"column":null}},"49":{"start":{"line":111,"column":6},"end":{"line":111,"column":null}},"50":{"start":{"line":111,"column":24},"end":{"line":111,"column":null}},"51":{"start":{"line":114,"column":22},"end":{"line":114,"column":null}},"52":{"start":{"line":115,"column":23},"end":{"line":115,"column":null}},"53":{"start":{"line":116,"column":6},"end":{"line":116,"column":null}},"54":{"start":{"line":116,"column":25},"end":{"line":116,"column":null}},"55":{"start":{"line":119,"column":22},"end":{"line":119,"column":null}},"56":{"start":{"line":120,"column":23},"end":{"line":120,"column":null}},"57":{"start":{"line":121,"column":6},"end":{"line":121,"column":null}},"58":{"start":{"line":121,"column":25},"end":{"line":121,"column":null}},"59":{"start":{"line":124,"column":22},"end":{"line":124,"column":null}},"60":{"start":{"line":125,"column":23},"end":{"line":125,"column":null}},"61":{"start":{"line":126,"column":6},"end":{"line":126,"column":null}},"62":{"start":{"line":126,"column":25},"end":{"line":126,"column":null}},"63":{"start":{"line":129,"column":22},"end":{"line":129,"column":null}},"64":{"start":{"line":130,"column":23},"end":{"line":130,"column":null}},"65":{"start":{"line":131,"column":6},"end":{"line":131,"column":null}},"66":{"start":{"line":131,"column":25},"end":{"line":131,"column":null}},"67":{"start":{"line":134,"column":22},"end":{"line":134,"column":null}},"68":{"start":{"line":135,"column":23},"end":{"line":135,"column":null}},"69":{"start":{"line":136,"column":6},"end":{"line":136,"column":null}},"70":{"start":{"line":136,"column":25},"end":{"line":136,"column":null}},"71":{"start":{"line":139,"column":22},"end":{"line":139,"column":null}},"72":{"start":{"line":140,"column":23},"end":{"line":140,"column":null}},"73":{"start":{"line":141,"column":6},"end":{"line":141,"column":null}},"74":{"start":{"line":141,"column":25},"end":{"line":141,"column":null}},"75":{"start":{"line":144,"column":6},"end":{"line":144,"column":null}},"76":{"start":{"line":148,"column":2},"end":{"line":150,"column":null}},"77":{"start":{"line":149,"column":4},"end":{"line":149,"column":null}},"78":{"start":{"line":152,"column":2},"end":{"line":154,"column":null}},"79":{"start":{"line":153,"column":4},"end":{"line":153,"column":null}},"80":{"start":{"line":157,"column":29},"end":{"line":170,"column":null}},"81":{"start":{"line":158,"column":4},"end":{"line":169,"column":null}},"82":{"start":{"line":159,"column":6},"end":{"line":168,"column":null}},"83":{"start":{"line":160,"column":20},"end":{"line":160,"column":null}},"84":{"start":{"line":161,"column":21},"end":{"line":161,"column":null}},"85":{"start":{"line":162,"column":8},"end":{"line":165,"column":null}},"86":{"start":{"line":163,"column":10},"end":{"line":163,"column":null}},"87":{"start":{"line":164,"column":10},"end":{"line":164,"column":null}},"88":{"start":{"line":167,"column":8},"end":{"line":167,"column":null}},"89":{"start":{"line":173,"column":25},"end":{"line":199,"column":null}},"90":{"start":{"line":174,"column":4},"end":{"line":174,"column":null}},"91":{"start":{"line":175,"column":4},"end":{"line":175,"column":null}},"92":{"start":{"line":175,"column":29},"end":{"line":175,"column":null}},"93":{"start":{"line":176,"column":4},"end":{"line":176,"column":null}},"94":{"start":{"line":177,"column":4},"end":{"line":197,"column":null}},"95":{"start":{"line":178,"column":18},"end":{"line":182,"column":null}},"96":{"start":{"line":183,"column":19},"end":{"line":183,"column":null}},"97":{"start":{"line":184,"column":6},"end":{"line":193,"column":null}},"98":{"start":{"line":185,"column":8},"end":{"line":185,"column":null}},"99":{"start":{"line":186,"column":8},"end":{"line":188,"column":null}},"100":{"start":{"line":187,"column":10},"end":{"line":187,"column":null}},"101":{"start":{"line":189,"column":8},"end":{"line":189,"column":null}},"102":{"start":{"line":190,"column":8},"end":{"line":190,"column":21}},"103":{"start":{"line":192,"column":8},"end":{"line":192,"column":null}},"104":{"start":{"line":195,"column":6},"end":{"line":195,"column":null}},"105":{"start":{"line":196,"column":6},"end":{"line":196,"column":null}},"106":{"start":{"line":198,"column":4},"end":{"line":198,"column":null}},"107":{"start":{"line":202,"column":28},"end":{"line":224,"column":null}},"108":{"start":{"line":203,"column":4},"end":{"line":203,"column":null}},"109":{"start":{"line":204,"column":4},"end":{"line":204,"column":null}},"110":{"start":{"line":204,"column":25},"end":{"line":204,"column":null}},"111":{"start":{"line":205,"column":4},"end":{"line":205,"column":null}},"112":{"start":{"line":206,"column":4},"end":{"line":222,"column":null}},"113":{"start":{"line":207,"column":18},"end":{"line":211,"column":null}},"114":{"start":{"line":212,"column":19},"end":{"line":212,"column":null}},"115":{"start":{"line":213,"column":6},"end":{"line":218,"column":null}},"116":{"start":{"line":214,"column":8},"end":{"line":214,"column":null}},"117":{"start":{"line":215,"column":8},"end":{"line":215,"column":null}},"118":{"start":{"line":217,"column":8},"end":{"line":217,"column":null}},"119":{"start":{"line":220,"column":6},"end":{"line":220,"column":null}},"120":{"start":{"line":221,"column":6},"end":{"line":221,"column":null}},"121":{"start":{"line":223,"column":4},"end":{"line":223,"column":null}},"122":{"start":{"line":227,"column":19},"end":{"line":229,"column":null}},"123":{"start":{"line":228,"column":4},"end":{"line":228,"column":null}},"124":{"start":{"line":232,"column":34},"end":{"line":242,"column":null}},"125":{"start":{"line":233,"column":4},"end":{"line":241,"column":null}},"126":{"start":{"line":234,"column":18},"end":{"line":234,"column":null}},"127":{"start":{"line":235,"column":19},"end":{"line":235,"column":null}},"128":{"start":{"line":236,"column":6},"end":{"line":238,"column":null}},"129":{"start":{"line":237,"column":8},"end":{"line":237,"column":null}},"130":{"start":{"line":240,"column":6},"end":{"line":240,"column":null}},"131":{"start":{"line":245,"column":33},"end":{"line":264,"column":null}},"132":{"start":{"line":246,"column":4},"end":{"line":246,"column":null}},"133":{"start":{"line":247,"column":4},"end":{"line":262,"column":null}},"134":{"start":{"line":248,"column":18},"end":{"line":255,"column":null}},"135":{"start":{"line":256,"column":19},"end":{"line":256,"column":null}},"136":{"start":{"line":257,"column":6},"end":{"line":259,"column":null}},"137":{"start":{"line":258,"column":8},"end":{"line":258,"column":null}},"138":{"start":{"line":261,"column":6},"end":{"line":261,"column":null}},"139":{"start":{"line":263,"column":4},"end":{"line":263,"column":null}},"140":{"start":{"line":267,"column":28},"end":{"line":294,"column":null}},"141":{"start":{"line":268,"column":4},"end":{"line":268,"column":null}},"142":{"start":{"line":269,"column":4},"end":{"line":269,"column":null}},"143":{"start":{"line":269,"column":27},"end":{"line":269,"column":null}},"144":{"start":{"line":271,"column":20},"end":{"line":271,"column":null}},"145":{"start":{"line":272,"column":4},"end":{"line":272,"column":null}},"146":{"start":{"line":273,"column":4},"end":{"line":273,"column":null}},"147":{"start":{"line":276,"column":4},"end":{"line":276,"column":null}},"148":{"start":{"line":276,"column":27},"end":{"line":276,"column":null}},"149":{"start":{"line":278,"column":4},"end":{"line":292,"column":null}},"150":{"start":{"line":279,"column":18},"end":{"line":283,"column":null}},"151":{"start":{"line":284,"column":19},"end":{"line":284,"column":null}},"152":{"start":{"line":285,"column":6},"end":{"line":288,"column":null}},"153":{"start":{"line":287,"column":8},"end":{"line":287,"column":null}},"154":{"start":{"line":290,"column":6},"end":{"line":290,"column":null}},"155":{"start":{"line":291,"column":6},"end":{"line":291,"column":null}},"156":{"start":{"line":291,"column":29},"end":{"line":291,"column":null}},"157":{"start":{"line":293,"column":4},"end":{"line":293,"column":null}},"158":{"start":{"line":297,"column":21},"end":{"line":299,"column":null}},"159":{"start":{"line":298,"column":4},"end":{"line":298,"column":null}},"160":{"start":{"line":302,"column":30},"end":{"line":323,"column":null}},"161":{"start":{"line":303,"column":4},"end":{"line":303,"column":null}},"162":{"start":{"line":304,"column":4},"end":{"line":304,"column":null}},"163":{"start":{"line":304,"column":50},"end":{"line":304,"column":null}},"164":{"start":{"line":305,"column":4},"end":{"line":305,"column":null}},"165":{"start":{"line":306,"column":4},"end":{"line":321,"column":null}},"166":{"start":{"line":307,"column":18},"end":{"line":311,"column":null}},"167":{"start":{"line":312,"column":19},"end":{"line":312,"column":null}},"168":{"start":{"line":313,"column":6},"end":{"line":317,"column":null}},"169":{"start":{"line":314,"column":8},"end":{"line":314,"column":null}},"170":{"start":{"line":316,"column":8},"end":{"line":316,"column":null}},"171":{"start":{"line":319,"column":6},"end":{"line":319,"column":null}},"172":{"start":{"line":320,"column":6},"end":{"line":320,"column":null}},"173":{"start":{"line":322,"column":4},"end":{"line":322,"column":null}},"174":{"start":{"line":326,"column":23},"end":{"line":344,"column":null}},"175":{"start":{"line":327,"column":4},"end":{"line":343,"column":null}},"176":{"start":{"line":328,"column":18},"end":{"line":332,"column":null}},"177":{"start":{"line":333,"column":19},"end":{"line":333,"column":null}},"178":{"start":{"line":334,"column":6},"end":{"line":340,"column":null}},"179":{"start":{"line":335,"column":8},"end":{"line":335,"column":null}},"180":{"start":{"line":336,"column":8},"end":{"line":336,"column":null}},"181":{"start":{"line":337,"column":8},"end":{"line":337,"column":null}},"182":{"start":{"line":337,"column":25},"end":{"line":337,"column":53}},"183":{"start":{"line":339,"column":8},"end":{"line":339,"column":null}},"184":{"start":{"line":342,"column":6},"end":{"line":342,"column":null}},"185":{"start":{"line":347,"column":24},"end":{"line":355,"column":null}},"186":{"start":{"line":348,"column":4},"end":{"line":354,"column":null}},"187":{"start":{"line":349,"column":23},"end":{"line":349,"column":null}},"188":{"start":{"line":350,"column":22},"end":{"line":350,"column":null}},"189":{"start":{"line":351,"column":22},"end":{"line":351,"column":null}},"190":{"start":{"line":352,"column":23},"end":{"line":352,"column":null}},"191":{"start":{"line":353,"column":15},"end":{"line":353,"column":null}},"192":{"start":{"line":357,"column":26},"end":{"line":365,"column":null}},"193":{"start":{"line":358,"column":4},"end":{"line":364,"column":null}},"194":{"start":{"line":359,"column":23},"end":{"line":359,"column":null}},"195":{"start":{"line":360,"column":22},"end":{"line":360,"column":null}},"196":{"start":{"line":361,"column":22},"end":{"line":361,"column":null}},"197":{"start":{"line":362,"column":23},"end":{"line":362,"column":null}},"198":{"start":{"line":363,"column":15},"end":{"line":363,"column":null}},"199":{"start":{"line":506,"column":18},"end":{"line":506,"column":33}},"200":{"start":{"line":537,"column":29},"end":{"line":537,"column":null}},"201":{"start":{"line":543,"column":29},"end":{"line":543,"column":null}},"202":{"start":{"line":549,"column":29},"end":{"line":549,"column":null}},"203":{"start":{"line":555,"column":29},"end":{"line":555,"column":null}},"204":{"start":{"line":580,"column":39},"end":{"line":580,"column":null}},"205":{"start":{"line":606,"column":22},"end":{"line":607,"column":null}},"206":{"start":{"line":608,"column":39},"end":{"line":608,"column":null}},"207":{"start":{"line":626,"column":22},"end":{"line":626,"column":40}},"208":{"start":{"line":677,"column":24},"end":{"line":677,"column":null}},"209":{"start":{"line":678,"column":24},"end":{"line":678,"column":null}},"210":{"start":{"line":686,"column":26},"end":{"line":687,"column":null}},"211":{"start":{"line":690,"column":30},"end":{"line":690,"column":null}},"212":{"start":{"line":691,"column":30},"end":{"line":691,"column":null}},"213":{"start":{"line":707,"column":24},"end":{"line":707,"column":null}},"214":{"start":{"line":708,"column":24},"end":{"line":708,"column":null}},"215":{"start":{"line":716,"column":26},"end":{"line":717,"column":null}},"216":{"start":{"line":720,"column":30},"end":{"line":720,"column":null}},"217":{"start":{"line":721,"column":30},"end":{"line":721,"column":null}},"218":{"start":{"line":754,"column":35},"end":{"line":754,"column":63}},"219":{"start":{"line":755,"column":22},"end":{"line":755,"column":null}},"220":{"start":{"line":755,"column":33},"end":{"line":755,"column":null}},"221":{"start":{"line":756,"column":22},"end":{"line":757,"column":44}},"222":{"start":{"line":798,"column":18},"end":{"line":798,"column":37}},"223":{"start":{"line":821,"column":39},"end":{"line":821,"column":null}},"224":{"start":{"line":852,"column":18},"end":{"line":853,"column":null}},"225":{"start":{"line":906,"column":16},"end":{"line":907,"column":null}},"226":{"start":{"line":931,"column":18},"end":{"line":932,"column":null}},"227":{"start":{"line":933,"column":35},"end":{"line":933,"column":null}},"228":{"start":{"line":947,"column":33},"end":{"line":947,"column":null}},"229":{"start":{"line":978,"column":16},"end":{"line":979,"column":null}},"230":{"start":{"line":1005,"column":39},"end":{"line":1005,"column":null}},"231":{"start":{"line":1042,"column":35},"end":{"line":1042,"column":null}}},"fnMap":{"0":{"name":"Home","decl":{"start":{"line":27,"column":24},"end":{"line":27,"column":null}},"loc":{"start":{"line":27,"column":24},"end":{"line":1067,"column":null}}},"1":{"name":"(anonymous_2)","decl":{"start":{"line":67,"column":27},"end":{"line":67,"column":34}},"loc":{"start":{"line":67,"column":49},"end":{"line":81,"column":null}}},"2":{"name":"(anonymous_3)","decl":{"start":{"line":96,"column":20},"end":{"line":96,"column":null}},"loc":{"start":{"line":96,"column":20},"end":{"line":146,"column":null}}},"3":{"name":"(anonymous_4)","decl":{"start":{"line":148,"column":12},"end":{"line":148,"column":null}},"loc":{"start":{"line":148,"column":12},"end":{"line":150,"column":5}}},"4":{"name":"(anonymous_5)","decl":{"start":{"line":152,"column":12},"end":{"line":152,"column":null}},"loc":{"start":{"line":152,"column":12},"end":{"line":154,"column":5}}},"5":{"name":"(anonymous_6)","decl":{"start":{"line":157,"column":29},"end":{"line":157,"column":null}},"loc":{"start":{"line":157,"column":29},"end":{"line":170,"column":null}}},"6":{"name":"(anonymous_7)","decl":{"start":{"line":173,"column":25},"end":{"line":173,"column":32}},"loc":{"start":{"line":173,"column":32},"end":{"line":199,"column":null}}},"7":{"name":"(anonymous_8)","decl":{"start":{"line":202,"column":28},"end":{"line":202,"column":35}},"loc":{"start":{"line":202,"column":35},"end":{"line":224,"column":null}}},"8":{"name":"(anonymous_9)","decl":{"start":{"line":227,"column":19},"end":{"line":227,"column":20}},"loc":{"start":{"line":227,"column":20},"end":{"line":229,"column":null}}},"9":{"name":"(anonymous_10)","decl":{"start":{"line":232,"column":34},"end":{"line":232,"column":41}},"loc":{"start":{"line":232,"column":41},"end":{"line":242,"column":null}}},"10":{"name":"(anonymous_11)","decl":{"start":{"line":245,"column":33},"end":{"line":245,"column":null}},"loc":{"start":{"line":245,"column":33},"end":{"line":264,"column":null}}},"11":{"name":"(anonymous_12)","decl":{"start":{"line":267,"column":28},"end":{"line":267,"column":35}},"loc":{"start":{"line":267,"column":35},"end":{"line":294,"column":null}}},"12":{"name":"(anonymous_13)","decl":{"start":{"line":276,"column":19},"end":{"line":276,"column":27}},"loc":{"start":{"line":276,"column":27},"end":{"line":276,"column":null}}},"13":{"name":"(anonymous_14)","decl":{"start":{"line":291,"column":21},"end":{"line":291,"column":29}},"loc":{"start":{"line":291,"column":29},"end":{"line":291,"column":null}}},"14":{"name":"(anonymous_15)","decl":{"start":{"line":297,"column":21},"end":{"line":297,"column":22}},"loc":{"start":{"line":297,"column":22},"end":{"line":299,"column":null}}},"15":{"name":"(anonymous_16)","decl":{"start":{"line":302,"column":30},"end":{"line":302,"column":37}},"loc":{"start":{"line":302,"column":37},"end":{"line":323,"column":null}}},"16":{"name":"(anonymous_17)","decl":{"start":{"line":326,"column":23},"end":{"line":326,"column":30}},"loc":{"start":{"line":326,"column":42},"end":{"line":344,"column":null}}},"17":{"name":"(anonymous_18)","decl":{"start":{"line":337,"column":19},"end":{"line":337,"column":25}},"loc":{"start":{"line":337,"column":25},"end":{"line":337,"column":53}}},"18":{"name":"(anonymous_19)","decl":{"start":{"line":347,"column":24},"end":{"line":347,"column":25}},"loc":{"start":{"line":347,"column":25},"end":{"line":355,"column":null}}},"19":{"name":"(anonymous_20)","decl":{"start":{"line":357,"column":26},"end":{"line":357,"column":27}},"loc":{"start":{"line":357,"column":27},"end":{"line":365,"column":null}}},"20":{"name":"(anonymous_21)","decl":{"start":{"line":505,"column":28},"end":{"line":505,"column":29}},"loc":{"start":{"line":506,"column":18},"end":{"line":506,"column":33}}},"21":{"name":"(anonymous_22)","decl":{"start":{"line":537,"column":23},"end":{"line":537,"column":29}},"loc":{"start":{"line":537,"column":29},"end":{"line":537,"column":null}}},"22":{"name":"(anonymous_23)","decl":{"start":{"line":543,"column":23},"end":{"line":543,"column":29}},"loc":{"start":{"line":543,"column":29},"end":{"line":543,"column":null}}},"23":{"name":"(anonymous_24)","decl":{"start":{"line":549,"column":23},"end":{"line":549,"column":29}},"loc":{"start":{"line":549,"column":29},"end":{"line":549,"column":null}}},"24":{"name":"(anonymous_25)","decl":{"start":{"line":555,"column":23},"end":{"line":555,"column":29}},"loc":{"start":{"line":555,"column":29},"end":{"line":555,"column":null}}},"25":{"name":"(anonymous_26)","decl":{"start":{"line":580,"column":32},"end":{"line":580,"column":33}},"loc":{"start":{"line":580,"column":39},"end":{"line":580,"column":null}}},"26":{"name":"(anonymous_27)","decl":{"start":{"line":605,"column":26},"end":{"line":605,"column":27}},"loc":{"start":{"line":606,"column":22},"end":{"line":607,"column":null}}},"27":{"name":"(anonymous_28)","decl":{"start":{"line":608,"column":33},"end":{"line":608,"column":39}},"loc":{"start":{"line":608,"column":39},"end":{"line":608,"column":null}}},"28":{"name":"(anonymous_29)","decl":{"start":{"line":625,"column":35},"end":{"line":625,"column":36}},"loc":{"start":{"line":626,"column":22},"end":{"line":626,"column":40}}},"29":{"name":"(anonymous_30)","decl":{"start":{"line":676,"column":32},"end":{"line":676,"column":33}},"loc":{"start":{"line":676,"column":33},"end":{"line":679,"column":null}}},"30":{"name":"(anonymous_31)","decl":{"start":{"line":685,"column":47},"end":{"line":685,"column":48}},"loc":{"start":{"line":686,"column":26},"end":{"line":687,"column":null}}},"31":{"name":"(anonymous_32)","decl":{"start":{"line":689,"column":37},"end":{"line":689,"column":null}},"loc":{"start":{"line":689,"column":37},"end":{"line":692,"column":null}}},"32":{"name":"(anonymous_33)","decl":{"start":{"line":706,"column":32},"end":{"line":706,"column":33}},"loc":{"start":{"line":706,"column":33},"end":{"line":709,"column":null}}},"33":{"name":"(anonymous_34)","decl":{"start":{"line":715,"column":45},"end":{"line":715,"column":46}},"loc":{"start":{"line":716,"column":26},"end":{"line":717,"column":null}}},"34":{"name":"(anonymous_35)","decl":{"start":{"line":719,"column":37},"end":{"line":719,"column":null}},"loc":{"start":{"line":719,"column":37},"end":{"line":722,"column":null}}},"35":{"name":"(anonymous_36)","decl":{"start":{"line":753,"column":26},"end":{"line":753,"column":null}},"loc":{"start":{"line":753,"column":26},"end":{"line":772,"column":null}}},"36":{"name":"(anonymous_37)","decl":{"start":{"line":797,"column":38},"end":{"line":797,"column":null}},"loc":{"start":{"line":798,"column":18},"end":{"line":798,"column":37}}},"37":{"name":"(anonymous_38)","decl":{"start":{"line":821,"column":33},"end":{"line":821,"column":39}},"loc":{"start":{"line":821,"column":39},"end":{"line":821,"column":null}}},"38":{"name":"(anonymous_39)","decl":{"start":{"line":851,"column":33},"end":{"line":851,"column":34}},"loc":{"start":{"line":852,"column":18},"end":{"line":853,"column":null}}},"39":{"name":"(anonymous_40)","decl":{"start":{"line":905,"column":31},"end":{"line":905,"column":32}},"loc":{"start":{"line":906,"column":16},"end":{"line":907,"column":null}}},"40":{"name":"(anonymous_41)","decl":{"start":{"line":930,"column":22},"end":{"line":930,"column":23}},"loc":{"start":{"line":931,"column":18},"end":{"line":932,"column":null}}},"41":{"name":"(anonymous_42)","decl":{"start":{"line":933,"column":29},"end":{"line":933,"column":35}},"loc":{"start":{"line":933,"column":35},"end":{"line":933,"column":null}}},"42":{"name":"(anonymous_43)","decl":{"start":{"line":947,"column":26},"end":{"line":947,"column":27}},"loc":{"start":{"line":947,"column":33},"end":{"line":947,"column":null}}},"43":{"name":"(anonymous_44)","decl":{"start":{"line":977,"column":30},"end":{"line":977,"column":null}},"loc":{"start":{"line":978,"column":16},"end":{"line":979,"column":null}}},"44":{"name":"(anonymous_45)","decl":{"start":{"line":1005,"column":33},"end":{"line":1005,"column":39}},"loc":{"start":{"line":1005,"column":39},"end":{"line":1005,"column":null}}},"45":{"name":"(anonymous_46)","decl":{"start":{"line":1042,"column":28},"end":{"line":1042,"column":29}},"loc":{"start":{"line":1042,"column":35},"end":{"line":1042,"column":null}}}},"branchMap":{"0":{"loc":{"start":{"line":68,"column":4},"end":{"line":71,"column":null}},"type":"if","locations":[{"start":{"line":68,"column":4},"end":{"line":71,"column":null}},{"start":{},"end":{}}]},"1":{"loc":{"start":{"line":68,"column":8},"end":{"line":68,"column":43}},"type":"binary-expr","locations":[{"start":{"line":68,"column":8},"end":{"line":68,"column":18}},{"start":{"line":68,"column":18},"end":{"line":68,"column":43}}]},"2":{"loc":{"start":{"line":75,"column":6},"end":{"line":77,"column":null}},"type":"if","locations":[{"start":{"line":75,"column":6},"end":{"line":77,"column":null}},{"start":{},"end":{}}]},"3":{"loc":{"start":{"line":93,"column":18},"end":{"line":93,"column":null}},"type":"binary-expr","locations":[{"start":{"line":93,"column":18},"end":{"line":93,"column":49}},{"start":{"line":93,"column":53},"end":{"line":93,"column":null}}]},"4":{"loc":{"start":{"line":101,"column":6},"end":{"line":106,"column":null}},"type":"if","locations":[{"start":{"line":101,"column":6},"end":{"line":106,"column":null}},{"start":{},"end":{}}]},"5":{"loc":{"start":{"line":103,"column":8},"end":{"line":105,"column":null}},"type":"if","locations":[{"start":{"line":103,"column":8},"end":{"line":105,"column":null}},{"start":{},"end":{}}]},"6":{"loc":{"start":{"line":103,"column":12},"end":{"line":103,"column":141}},"type":"binary-expr","locations":[{"start":{"line":103,"column":12},"end":{"line":103,"column":57}},{"start":{"line":103,"column":57},"end":{"line":103,"column":90}},{"start":{"line":103,"column":90},"end":{"line":103,"column":141}}]},"7":{"loc":{"start":{"line":111,"column":6},"end":{"line":111,"column":null}},"type":"if","locations":[{"start":{"line":111,"column":6},"end":{"line":111,"column":null}},{"start":{},"end":{}}]},"8":{"loc":{"start":{"line":116,"column":6},"end":{"line":116,"column":null}},"type":"if","locations":[{"start":{"line":116,"column":6},"end":{"line":116,"column":null}},{"start":{},"end":{}}]},"9":{"loc":{"start":{"line":121,"column":6},"end":{"line":121,"column":null}},"type":"if","locations":[{"start":{"line":121,"column":6},"end":{"line":121,"column":null}},{"start":{},"end":{}}]},"10":{"loc":{"start":{"line":126,"column":6},"end":{"line":126,"column":null}},"type":"if","locations":[{"start":{"line":126,"column":6},"end":{"line":126,"column":null}},{"start":{},"end":{}}]},"11":{"loc":{"start":{"line":131,"column":6},"end":{"line":131,"column":null}},"type":"if","locations":[{"start":{"line":131,"column":6},"end":{"line":131,"column":null}},{"start":{},"end":{}}]},"12":{"loc":{"start":{"line":136,"column":6},"end":{"line":136,"column":null}},"type":"if","locations":[{"start":{"line":136,"column":6},"end":{"line":136,"column":null}},{"start":{},"end":{}}]},"13":{"loc":{"start":{"line":141,"column":6},"end":{"line":141,"column":null}},"type":"if","locations":[{"start":{"line":141,"column":6},"end":{"line":141,"column":null}},{"start":{},"end":{}}]},"14":{"loc":{"start":{"line":158,"column":4},"end":{"line":169,"column":null}},"type":"if","locations":[{"start":{"line":158,"column":4},"end":{"line":169,"column":null}},{"start":{},"end":{}}]},"15":{"loc":{"start":{"line":162,"column":8},"end":{"line":165,"column":null}},"type":"if","locations":[{"start":{"line":162,"column":8},"end":{"line":165,"column":null}},{"start":{},"end":{}}]},"16":{"loc":{"start":{"line":175,"column":4},"end":{"line":175,"column":null}},"type":"if","locations":[{"start":{"line":175,"column":4},"end":{"line":175,"column":null}},{"start":{},"end":{}}]},"17":{"loc":{"start":{"line":184,"column":6},"end":{"line":193,"column":null}},"type":"if","locations":[{"start":{"line":184,"column":6},"end":{"line":193,"column":null}},{"start":{"line":191,"column":13},"end":{"line":193,"column":null}}]},"18":{"loc":{"start":{"line":186,"column":8},"end":{"line":188,"column":null}},"type":"if","locations":[{"start":{"line":186,"column":8},"end":{"line":188,"column":null}},{"start":{},"end":{}}]},"19":{"loc":{"start":{"line":192,"column":14},"end":{"line":192,"column":null}},"type":"binary-expr","locations":[{"start":{"line":192,"column":14},"end":{"line":192,"column":24}},{"start":{"line":192,"column":28},"end":{"line":192,"column":null}}]},"20":{"loc":{"start":{"line":204,"column":4},"end":{"line":204,"column":null}},"type":"if","locations":[{"start":{"line":204,"column":4},"end":{"line":204,"column":null}},{"start":{},"end":{}}]},"21":{"loc":{"start":{"line":213,"column":6},"end":{"line":218,"column":null}},"type":"if","locations":[{"start":{"line":213,"column":6},"end":{"line":218,"column":null}},{"start":{"line":216,"column":13},"end":{"line":218,"column":null}}]},"22":{"loc":{"start":{"line":217,"column":14},"end":{"line":217,"column":null}},"type":"binary-expr","locations":[{"start":{"line":217,"column":14},"end":{"line":217,"column":24}},{"start":{"line":217,"column":28},"end":{"line":217,"column":null}}]},"23":{"loc":{"start":{"line":236,"column":6},"end":{"line":238,"column":null}},"type":"if","locations":[{"start":{"line":236,"column":6},"end":{"line":238,"column":null}},{"start":{},"end":{}}]},"24":{"loc":{"start":{"line":257,"column":6},"end":{"line":259,"column":null}},"type":"if","locations":[{"start":{"line":257,"column":6},"end":{"line":259,"column":null}},{"start":{},"end":{}}]},"25":{"loc":{"start":{"line":269,"column":4},"end":{"line":269,"column":null}},"type":"if","locations":[{"start":{"line":269,"column":4},"end":{"line":269,"column":null}},{"start":{},"end":{}}]},"26":{"loc":{"start":{"line":285,"column":6},"end":{"line":288,"column":null}},"type":"if","locations":[{"start":{"line":285,"column":6},"end":{"line":288,"column":null}},{"start":{},"end":{}}]},"27":{"loc":{"start":{"line":304,"column":4},"end":{"line":304,"column":null}},"type":"if","locations":[{"start":{"line":304,"column":4},"end":{"line":304,"column":null}},{"start":{},"end":{}}]},"28":{"loc":{"start":{"line":304,"column":8},"end":{"line":304,"column":50}},"type":"binary-expr","locations":[{"start":{"line":304,"column":8},"end":{"line":304,"column":31}},{"start":{"line":304,"column":31},"end":{"line":304,"column":50}}]},"29":{"loc":{"start":{"line":313,"column":6},"end":{"line":317,"column":null}},"type":"if","locations":[{"start":{"line":313,"column":6},"end":{"line":317,"column":null}},{"start":{"line":315,"column":13},"end":{"line":317,"column":null}}]},"30":{"loc":{"start":{"line":316,"column":14},"end":{"line":316,"column":null}},"type":"binary-expr","locations":[{"start":{"line":316,"column":14},"end":{"line":316,"column":24}},{"start":{"line":316,"column":28},"end":{"line":316,"column":null}}]},"31":{"loc":{"start":{"line":334,"column":6},"end":{"line":340,"column":null}},"type":"if","locations":[{"start":{"line":334,"column":6},"end":{"line":340,"column":null}},{"start":{"line":338,"column":13},"end":{"line":340,"column":null}}]},"32":{"loc":{"start":{"line":339,"column":14},"end":{"line":339,"column":null}},"type":"binary-expr","locations":[{"start":{"line":339,"column":14},"end":{"line":339,"column":24}},{"start":{"line":339,"column":28},"end":{"line":339,"column":null}}]},"33":{"loc":{"start":{"line":348,"column":4},"end":{"line":354,"column":null}},"type":"switch","locations":[{"start":{"line":349,"column":6},"end":{"line":349,"column":null}},{"start":{"line":350,"column":6},"end":{"line":350,"column":null}},{"start":{"line":351,"column":6},"end":{"line":351,"column":null}},{"start":{"line":352,"column":6},"end":{"line":352,"column":null}},{"start":{"line":353,"column":6},"end":{"line":353,"column":null}}]},"34":{"loc":{"start":{"line":358,"column":4},"end":{"line":364,"column":null}},"type":"switch","locations":[{"start":{"line":359,"column":6},"end":{"line":359,"column":null}},{"start":{"line":360,"column":6},"end":{"line":360,"column":null}},{"start":{"line":361,"column":6},"end":{"line":361,"column":null}},{"start":{"line":362,"column":6},"end":{"line":362,"column":null}},{"start":{"line":363,"column":6},"end":{"line":363,"column":null}}]},"35":{"loc":{"start":{"line":429,"column":16},"end":{"line":432,"column":null}},"type":"cond-expr","locations":[{"start":{"line":429,"column":50},"end":{"line":429,"column":null}},{"start":{"line":430,"column":16},"end":{"line":432,"column":null}}]},"36":{"loc":{"start":{"line":430,"column":16},"end":{"line":432,"column":null}},"type":"cond-expr","locations":[{"start":{"line":430,"column":49},"end":{"line":430,"column":null}},{"start":{"line":431,"column":16},"end":{"line":432,"column":null}}]},"37":{"loc":{"start":{"line":431,"column":16},"end":{"line":432,"column":null}},"type":"cond-expr","locations":[{"start":{"line":431,"column":49},"end":{"line":431,"column":null}},{"start":{"line":432,"column":16},"end":{"line":432,"column":null}}]},"38":{"loc":{"start":{"line":451,"column":20},"end":{"line":453,"column":null}},"type":"cond-expr","locations":[{"start":{"line":451,"column":88},"end":{"line":451,"column":null}},{"start":{"line":452,"column":20},"end":{"line":453,"column":null}}]},"39":{"loc":{"start":{"line":451,"column":20},"end":{"line":451,"column":88}},"type":"binary-expr","locations":[{"start":{"line":451,"column":20},"end":{"line":451,"column":55}},{"start":{"line":451,"column":55},"end":{"line":451,"column":88}}]},"40":{"loc":{"start":{"line":452,"column":20},"end":{"line":453,"column":null}},"type":"cond-expr","locations":[{"start":{"line":452,"column":53},"end":{"line":452,"column":null}},{"start":{"line":453,"column":20},"end":{"line":453,"column":null}}]},"41":{"loc":{"start":{"line":459,"column":17},"end":{"line":459,"column":null}},"type":"binary-expr","locations":[{"start":{"line":459,"column":17},"end":{"line":459,"column":52}},{"start":{"line":459,"column":52},"end":{"line":459,"column":null}}]},"42":{"loc":{"start":{"line":460,"column":17},"end":{"line":460,"column":null}},"type":"binary-expr","locations":[{"start":{"line":460,"column":17},"end":{"line":460,"column":51}},{"start":{"line":460,"column":51},"end":{"line":460,"column":null}}]},"43":{"loc":{"start":{"line":461,"column":17},"end":{"line":461,"column":null}},"type":"binary-expr","locations":[{"start":{"line":461,"column":17},"end":{"line":461,"column":51}},{"start":{"line":461,"column":51},"end":{"line":461,"column":null}}]},"44":{"loc":{"start":{"line":462,"column":17},"end":{"line":462,"column":null}},"type":"binary-expr","locations":[{"start":{"line":462,"column":17},"end":{"line":462,"column":52}},{"start":{"line":462,"column":52},"end":{"line":462,"column":null}}]},"45":{"loc":{"start":{"line":482,"column":18},"end":{"line":482,"column":null}},"type":"cond-expr","locations":[{"start":{"line":482,"column":51},"end":{"line":482,"column":72}},{"start":{"line":482,"column":72},"end":{"line":482,"column":null}}]},"46":{"loc":{"start":{"line":502,"column":15},"end":{"line":506,"column":33}},"type":"cond-expr","locations":[{"start":{"line":503,"column":16},"end":{"line":505,"column":24}},{"start":{"line":505,"column":16},"end":{"line":506,"column":33}}]},"47":{"loc":{"start":{"line":538,"column":84},"end":{"line":538,"column":182}},"type":"cond-expr","locations":[{"start":{"line":538,"column":112},"end":{"line":538,"column":149}},{"start":{"line":538,"column":149},"end":{"line":538,"column":182}}]},"48":{"loc":{"start":{"line":544,"column":84},"end":{"line":544,"column":179}},"type":"cond-expr","locations":[{"start":{"line":544,"column":109},"end":{"line":544,"column":146}},{"start":{"line":544,"column":146},"end":{"line":544,"column":179}}]},"49":{"loc":{"start":{"line":550,"column":84},"end":{"line":550,"column":184}},"type":"cond-expr","locations":[{"start":{"line":550,"column":114},"end":{"line":550,"column":151}},{"start":{"line":550,"column":151},"end":{"line":550,"column":184}}]},"50":{"loc":{"start":{"line":556,"column":84},"end":{"line":556,"column":184}},"type":"cond-expr","locations":[{"start":{"line":556,"column":114},"end":{"line":556,"column":151}},{"start":{"line":556,"column":151},"end":{"line":556,"column":184}}]},"51":{"loc":{"start":{"line":563,"column":11},"end":{"line":563,"column":null}},"type":"binary-expr","locations":[{"start":{"line":563,"column":11},"end":{"line":563,"column":null}}]},"52":{"loc":{"start":{"line":588,"column":30},"end":{"line":588,"column":null}},"type":"binary-expr","locations":[{"start":{"line":588,"column":30},"end":{"line":588,"column":41}},{"start":{"line":588,"column":41},"end":{"line":588,"column":null}}]},"53":{"loc":{"start":{"line":591,"column":31},"end":{"line":591,"column":81}},"type":"cond-expr","locations":[{"start":{"line":591,"column":31},"end":{"line":591,"column":81}}]},"54":{"loc":{"start":{"line":592,"column":21},"end":{"line":592,"column":null}},"type":"cond-expr","locations":[{"start":{"line":592,"column":31},"end":{"line":592,"column":55}},{"start":{"line":592,"column":55},"end":{"line":592,"column":null}}]},"55":{"loc":{"start":{"line":622,"column":19},"end":{"line":626,"column":40}},"type":"cond-expr","locations":[{"start":{"line":623,"column":20},"end":{"line":625,"column":31}},{"start":{"line":625,"column":20},"end":{"line":626,"column":40}}]},"56":{"loc":{"start":{"line":629,"column":28},"end":{"line":632,"column":null}},"type":"cond-expr","locations":[{"start":{"line":629,"column":64},"end":{"line":629,"column":null}},{"start":{"line":630,"column":28},"end":{"line":632,"column":null}}]},"57":{"loc":{"start":{"line":630,"column":28},"end":{"line":632,"column":null}},"type":"cond-expr","locations":[{"start":{"line":630,"column":54},"end":{"line":630,"column":null}},{"start":{"line":631,"column":28},"end":{"line":632,"column":null}}]},"58":{"loc":{"start":{"line":631,"column":28},"end":{"line":632,"column":null}},"type":"cond-expr","locations":[{"start":{"line":631,"column":61},"end":{"line":631,"column":null}},{"start":{"line":632,"column":28},"end":{"line":632,"column":null}}]},"59":{"loc":{"start":{"line":642,"column":27},"end":{"line":642,"column":null}},"type":"binary-expr","locations":[{"start":{"line":642,"column":27},"end":{"line":642,"column":null}}]},"60":{"loc":{"start":{"line":659,"column":11},"end":{"line":659,"column":null}},"type":"binary-expr","locations":[{"start":{"line":659,"column":11},"end":{"line":659,"column":null}}]},"61":{"loc":{"start":{"line":683,"column":21},"end":{"line":683,"column":null}},"type":"binary-expr","locations":[{"start":{"line":683,"column":21},"end":{"line":683,"column":null}}]},"62":{"loc":{"start":{"line":713,"column":21},"end":{"line":713,"column":null}},"type":"binary-expr","locations":[{"start":{"line":713,"column":21},"end":{"line":713,"column":null}}]},"63":{"loc":{"start":{"line":736,"column":37},"end":{"line":736,"column":87}},"type":"cond-expr","locations":[{"start":{"line":736,"column":37},"end":{"line":736,"column":87}}]},"64":{"loc":{"start":{"line":737,"column":19},"end":{"line":737,"column":null}},"type":"cond-expr","locations":[{"start":{"line":737,"column":37},"end":{"line":737,"column":62}},{"start":{"line":737,"column":62},"end":{"line":737,"column":null}}]},"65":{"loc":{"start":{"line":741,"column":15},"end":{"line":741,"column":null}},"type":"binary-expr","locations":[{"start":{"line":741,"column":15},"end":{"line":741,"column":null}}]},"66":{"loc":{"start":{"line":755,"column":22},"end":{"line":755,"column":null}},"type":"if","locations":[{"start":{"line":755,"column":22},"end":{"line":755,"column":null}},{"start":{},"end":{}}]},"67":{"loc":{"start":{"line":764,"column":29},"end":{"line":764,"column":41}},"type":"binary-expr","locations":[{"start":{"line":764,"column":29},"end":{"line":764,"column":41}},{"start":{"line":764,"column":45},"end":{"line":764,"column":null}}]},"68":{"loc":{"start":{"line":780,"column":11},"end":{"line":780,"column":null}},"type":"binary-expr","locations":[{"start":{"line":780,"column":11},"end":{"line":780,"column":null}}]},"69":{"loc":{"start":{"line":790,"column":15},"end":{"line":790,"column":null}},"type":"binary-expr","locations":[{"start":{"line":790,"column":15},"end":{"line":790,"column":null}}]},"70":{"loc":{"start":{"line":801,"column":24},"end":{"line":803,"column":null}},"type":"cond-expr","locations":[{"start":{"line":801,"column":47},"end":{"line":801,"column":null}},{"start":{"line":802,"column":24},"end":{"line":803,"column":null}}]},"71":{"loc":{"start":{"line":802,"column":24},"end":{"line":803,"column":null}},"type":"cond-expr","locations":[{"start":{"line":802,"column":51},"end":{"line":802,"column":null}},{"start":{"line":803,"column":24},"end":{"line":803,"column":null}}]},"72":{"loc":{"start":{"line":809,"column":23},"end":{"line":809,"column":36}},"type":"binary-expr","locations":[{"start":{"line":809,"column":23},"end":{"line":809,"column":36}},{"start":{"line":809,"column":40},"end":{"line":809,"column":49}}]},"73":{"loc":{"start":{"line":820,"column":34},"end":{"line":820,"column":78}},"type":"binary-expr","locations":[{"start":{"line":820,"column":34},"end":{"line":820,"column":47}},{"start":{"line":820,"column":51},"end":{"line":820,"column":78}}]},"74":{"loc":{"start":{"line":823,"column":26},"end":{"line":827,"column":null}},"type":"cond-expr","locations":[{"start":{"line":824,"column":30},"end":{"line":824,"column":null}},{"start":{"line":825,"column":30},"end":{"line":827,"column":null}}]},"75":{"loc":{"start":{"line":825,"column":30},"end":{"line":827,"column":null}},"type":"cond-expr","locations":[{"start":{"line":826,"column":32},"end":{"line":826,"column":null}},{"start":{"line":827,"column":32},"end":{"line":827,"column":null}}]},"76":{"loc":{"start":{"line":830,"column":25},"end":{"line":830,"column":null}},"type":"cond-expr","locations":[{"start":{"line":830,"column":41},"end":{"line":830,"column":54}},{"start":{"line":830,"column":54},"end":{"line":830,"column":null}}]},"77":{"loc":{"start":{"line":840,"column":11},"end":{"line":840,"column":null}},"type":"binary-expr","locations":[{"start":{"line":840,"column":11},"end":{"line":840,"column":null}}]},"78":{"loc":{"start":{"line":855,"column":22},"end":{"line":857,"column":null}},"type":"cond-expr","locations":[{"start":{"line":856,"column":26},"end":{"line":856,"column":null}},{"start":{"line":857,"column":26},"end":{"line":857,"column":null}}]},"79":{"loc":{"start":{"line":862,"column":24},"end":{"line":865,"column":null}},"type":"cond-expr","locations":[{"start":{"line":862,"column":43},"end":{"line":862,"column":null}},{"start":{"line":863,"column":24},"end":{"line":865,"column":null}}]},"80":{"loc":{"start":{"line":863,"column":24},"end":{"line":865,"column":null}},"type":"cond-expr","locations":[{"start":{"line":863,"column":43},"end":{"line":863,"column":null}},{"start":{"line":864,"column":24},"end":{"line":865,"column":null}}]},"81":{"loc":{"start":{"line":864,"column":24},"end":{"line":865,"column":null}},"type":"cond-expr","locations":[{"start":{"line":864,"column":43},"end":{"line":864,"column":null}},{"start":{"line":865,"column":24},"end":{"line":865,"column":null}}]},"82":{"loc":{"start":{"line":872,"column":27},"end":{"line":872,"column":46}},"type":"binary-expr","locations":[{"start":{"line":872,"column":27},"end":{"line":872,"column":46}}]},"83":{"loc":{"start":{"line":908,"column":37},"end":{"line":908,"column":91}},"type":"cond-expr","locations":[{"start":{"line":908,"column":59},"end":{"line":908,"column":75}},{"start":{"line":908,"column":75},"end":{"line":908,"column":91}}]},"84":{"loc":{"start":{"line":911,"column":20},"end":{"line":913,"column":null}},"type":"cond-expr","locations":[{"start":{"line":912,"column":24},"end":{"line":912,"column":null}},{"start":{"line":913,"column":24},"end":{"line":913,"column":null}}]},"85":{"loc":{"start":{"line":953,"column":26},"end":{"line":953,"column":null}},"type":"binary-expr","locations":[{"start":{"line":953,"column":26},"end":{"line":953,"column":41}},{"start":{"line":953,"column":41},"end":{"line":953,"column":null}}]},"86":{"loc":{"start":{"line":957,"column":31},"end":{"line":957,"column":81}},"type":"cond-expr","locations":[{"start":{"line":957,"column":31},"end":{"line":957,"column":81}}]},"87":{"loc":{"start":{"line":971,"column":40},"end":{"line":971,"column":90}},"type":"cond-expr","locations":[{"start":{"line":971,"column":40},"end":{"line":971,"column":90}}]},"88":{"loc":{"start":{"line":981,"column":20},"end":{"line":983,"column":null}},"type":"cond-expr","locations":[{"start":{"line":982,"column":24},"end":{"line":982,"column":null}},{"start":{"line":983,"column":24},"end":{"line":983,"column":null}}]},"89":{"loc":{"start":{"line":1000,"column":22},"end":{"line":1004,"column":23}},"type":"cond-expr","locations":[{"start":{"line":1000,"column":22},"end":{"line":1004,"column":23}}]},"90":{"loc":{"start":{"line":1022,"column":7},"end":{"line":1022,"column":null}},"type":"binary-expr","locations":[{"start":{"line":1022,"column":7},"end":{"line":1022,"column":null}}]},"91":{"loc":{"start":{"line":1050,"column":26},"end":{"line":1050,"column":null}},"type":"binary-expr","locations":[{"start":{"line":1050,"column":26},"end":{"line":1050,"column":40}},{"start":{"line":1050,"column":40},"end":{"line":1050,"column":null}}]},"92":{"loc":{"start":{"line":1053,"column":30},"end":{"line":1053,"column":80}},"type":"cond-expr","locations":[{"start":{"line":1053,"column":30},"end":{"line":1053,"column":80}}]},"93":{"loc":{"start":{"line":1054,"column":17},"end":{"line":1054,"column":null}},"type":"cond-expr","locations":[{"start":{"line":1054,"column":30},"end":{"line":1054,"column":44}},{"start":{"line":1054,"column":44},"end":{"line":1054,"column":null}}]}},"s":{"0":43,"1":3,"2":3,"3":91,"4":89,"5":89,"6":89,"7":89,"8":89,"9":89,"10":89,"11":89,"12":89,"13":89,"14":89,"15":89,"16":89,"17":89,"18":89,"19":89,"20":89,"21":89,"22":0,"23":0,"24":0,"25":0,"26":0,"27":0,"28":0,"29":0,"30":0,"31":89,"32":89,"33":89,"34":89,"35":89,"36":89,"37":89,"38":89,"39":89,"40":44,"41":44,"42":44,"43":44,"44":44,"45":44,"46":0,"47":44,"48":44,"49":44,"50":44,"51":44,"52":44,"53":44,"54":44,"55":44,"56":44,"57":44,"58":44,"59":44,"60":44,"61":44,"62":44,"63":44,"64":44,"65":44,"66":44,"67":44,"68":44,"69":44,"70":44,"71":44,"72":44,"73":44,"74":44,"75":0,"76":89,"77":43,"78":89,"79":85,"80":89,"81":0,"82":0,"83":0,"84":0,"85":0,"86":0,"87":0,"88":0,"89":89,"90":0,"91":0,"92":0,"93":0,"94":0,"95":0,"96":0,"97":0,"98":0,"99":0,"100":0,"101":0,"102":0,"103":0,"104":0,"105":0,"106":0,"107":89,"108":0,"109":0,"110":0,"111":0,"112":0,"113":0,"114":0,"115":0,"116":0,"117":0,"118":0,"119":0,"120":0,"121":0,"122":89,"123":0,"124":89,"125":0,"126":0,"127":0,"128":0,"129":0,"130":0,"131":89,"132":0,"133":0,"134":0,"135":0,"136":0,"137":0,"138":0,"139":0,"140":89,"141":1,"142":1,"143":0,"144":1,"145":1,"146":1,"147":1,"148":1,"149":1,"150":1,"151":1,"152":1,"153":1,"154":0,"155":0,"156":0,"157":1,"158":89,"159":1,"160":89,"161":0,"162":0,"163":0,"164":0,"165":0,"166":0,"167":0,"168":0,"169":0,"170":0,"171":0,"172":0,"173":0,"174":89,"175":0,"176":0,"177":0,"178":0,"179":0,"180":0,"181":0,"182":0,"183":0,"184":0,"185":89,"186":89,"187":0,"188":89,"189":0,"190":0,"191":0,"192":89,"193":89,"194":0,"195":89,"196":0,"197":0,"198":0,"199":0,"200":0,"201":0,"202":1,"203":1,"204":0,"205":348,"206":0,"207":0,"208":0,"209":0,"210":0,"211":0,"212":0,"213":0,"214":0,"215":0,"216":0,"217":0,"218":0,"219":0,"220":0,"221":0,"222":0,"223":0,"224":0,"225":1,"226":267,"227":1,"228":1,"229":0,"230":0,"231":0},"f":{"0":91,"1":0,"2":44,"3":43,"4":85,"5":0,"6":0,"7":0,"8":0,"9":0,"10":0,"11":1,"12":1,"13":0,"14":1,"15":0,"16":0,"17":0,"18":89,"19":89,"20":0,"21":0,"22":0,"23":1,"24":1,"25":0,"26":348,"27":0,"28":0,"29":0,"30":0,"31":0,"32":0,"33":0,"34":0,"35":0,"36":0,"37":0,"38":0,"39":1,"40":267,"41":1,"42":1,"43":0,"44":0,"45":0},"b":{"0":[0,0],"1":[0,0],"2":[0,0],"3":[89,89],"4":[44,0],"5":[0,44],"6":[44,0,0],"7":[44,0],"8":[44,0],"9":[44,0],"10":[44,0],"11":[44,0],"12":[44,0],"13":[44,0],"14":[0,0],"15":[0,0],"16":[0,0],"17":[0,0],"18":[0,0],"19":[0,0],"20":[0,0],"21":[0,0],"22":[0,0],"23":[0,0],"24":[0,0],"25":[0,1],"26":[1,0],"27":[0,0],"28":[0,0],"29":[0,0],"30":[0,0],"31":[0,0],"32":[0,0],"33":[0,89,0,0,0],"34":[0,89,0,0,0],"35":[0,89],"36":[89,0],"37":[0,0],"38":[89,0],"39":[89,89],"40":[0,0],"41":[89,0],"42":[89,89],"43":[89,0],"44":[89,0],"45":[89,0],"46":[89,0],"47":[87,2],"48":[0,89],"49":[1,88],"50":[1,88],"51":[89],"52":[87,87],"53":[0],"54":[0,87],"55":[87,0],"56":[0,0],"57":[0,0],"58":[0,0],"59":[0],"60":[89],"61":[0],"62":[0],"63":[0],"64":[0,0],"65":[0],"66":[0,0],"67":[0,0],"68":[89],"69":[1],"70":[0,0],"71":[0,0],"72":[0,0],"73":[0,0],"74":[0,0],"75":[0,0],"76":[0,0],"77":[89],"78":[0,0],"79":[0,0],"80":[0,0],"81":[0,0],"82":[0],"83":[1,0],"84":[1,0],"85":[89,88],"86":[1],"87":[0],"88":[0,0],"89":[0],"90":[89],"91":[0,0],"92":[0],"93":[0,0]}}
}
