TN:
SF:app\page.tsx
FN:27,Home
FN:67,(anonymous_2)
FN:96,(anonymous_3)
FN:148,(anonymous_4)
FN:152,(anonymous_5)
FN:157,(anonymous_6)
FN:173,(anonymous_7)
FN:202,(anonymous_8)
FN:227,(anonymous_9)
FN:232,(anonymous_10)
FN:245,(anonymous_11)
FN:267,(anonymous_12)
FN:276,(anonymous_13)
FN:291,(anonymous_14)
FN:297,(anonymous_15)
FN:302,(anonymous_16)
FN:326,(anonymous_17)
FN:337,(anonymous_18)
FN:347,(anonymous_19)
FN:357,(anonymous_20)
FN:505,(anonymous_21)
FN:537,(anonymous_22)
FN:543,(anonymous_23)
FN:549,(anonymous_24)
FN:555,(anonymous_25)
FN:580,(anonymous_26)
FN:605,(anonymous_27)
FN:608,(anonymous_28)
FN:625,(anonymous_29)
FN:676,(anonymous_30)
FN:685,(anonymous_31)
FN:689,(anonymous_32)
FN:706,(anonymous_33)
FN:715,(anonymous_34)
FN:719,(anonymous_35)
FN:753,(anonymous_36)
FN:797,(anonymous_37)
FN:821,(anonymous_38)
FN:851,(anonymous_39)
FN:905,(anonymous_40)
FN:930,(anonymous_41)
FN:933,(anonymous_42)
FN:947,(anonymous_43)
FN:977,(anonymous_44)
FN:1005,(anonymous_45)
FN:1042,(anonymous_46)
FNF:46
FNH:16
FNDA:91,Home
FNDA:0,(anonymous_2)
FNDA:44,(anonymous_3)
FNDA:43,(anonymous_4)
FNDA:85,(anonymous_5)
FNDA:0,(anonymous_6)
FNDA:0,(anonymous_7)
FNDA:0,(anonymous_8)
FNDA:0,(anonymous_9)
FNDA:0,(anonymous_10)
FNDA:0,(anonymous_11)
FNDA:1,(anonymous_12)
FNDA:1,(anonymous_13)
FNDA:0,(anonymous_14)
FNDA:1,(anonymous_15)
FNDA:0,(anonymous_16)
FNDA:0,(anonymous_17)
FNDA:0,(anonymous_18)
FNDA:89,(anonymous_19)
FNDA:89,(anonymous_20)
FNDA:0,(anonymous_21)
FNDA:0,(anonymous_22)
FNDA:0,(anonymous_23)
FNDA:1,(anonymous_24)
FNDA:1,(anonymous_25)
FNDA:0,(anonymous_26)
FNDA:348,(anonymous_27)
FNDA:0,(anonymous_28)
FNDA:0,(anonymous_29)
FNDA:0,(anonymous_30)
FNDA:0,(anonymous_31)
FNDA:0,(anonymous_32)
FNDA:0,(anonymous_33)
FNDA:0,(anonymous_34)
FNDA:0,(anonymous_35)
FNDA:0,(anonymous_36)
FNDA:0,(anonymous_37)
FNDA:0,(anonymous_38)
FNDA:0,(anonymous_39)
FNDA:1,(anonymous_40)
FNDA:267,(anonymous_41)
FNDA:1,(anonymous_42)
FNDA:1,(anonymous_43)
FNDA:0,(anonymous_44)
FNDA:0,(anonymous_45)
FNDA:0,(anonymous_46)
DA:3,3
DA:25,3
DA:27,43
DA:28,91
DA:31,89
DA:43,89
DA:44,89
DA:45,89
DA:46,89
DA:47,89
DA:48,89
DA:49,89
DA:57,89
DA:58,89
DA:59,89
DA:60,89
DA:61,89
DA:62,89
DA:63,89
DA:64,89
DA:65,89
DA:67,89
DA:68,0
DA:69,0
DA:70,0
DA:72,0
DA:73,0
DA:74,0
DA:75,0
DA:76,0
DA:79,0
DA:82,89
DA:83,89
DA:84,89
DA:87,89
DA:88,89
DA:89,89
DA:91,89
DA:93,89
DA:96,89
DA:97,44
DA:99,44
DA:100,44
DA:101,44
DA:102,44
DA:103,44
DA:104,0
DA:109,44
DA:110,44
DA:111,44
DA:114,44
DA:115,44
DA:116,44
DA:119,44
DA:120,44
DA:121,44
DA:124,44
DA:125,44
DA:126,44
DA:129,44
DA:130,44
DA:131,44
DA:134,44
DA:135,44
DA:136,44
DA:139,44
DA:140,44
DA:141,44
DA:144,0
DA:148,89
DA:149,43
DA:152,89
DA:153,85
DA:157,89
DA:158,0
DA:159,0
DA:160,0
DA:161,0
DA:162,0
DA:163,0
DA:164,0
DA:167,0
DA:173,89
DA:174,0
DA:175,0
DA:176,0
DA:177,0
DA:178,0
DA:183,0
DA:184,0
DA:185,0
DA:186,0
DA:187,0
DA:189,0
DA:190,0
DA:192,0
DA:195,0
DA:196,0
DA:198,0
DA:202,89
DA:203,0
DA:204,0
DA:205,0
DA:206,0
DA:207,0
DA:212,0
DA:213,0
DA:214,0
DA:215,0
DA:217,0
DA:220,0
DA:221,0
DA:223,0
DA:227,89
DA:228,0
DA:232,89
DA:233,0
DA:234,0
DA:235,0
DA:236,0
DA:237,0
DA:240,0
DA:245,89
DA:246,0
DA:247,0
DA:248,0
DA:256,0
DA:257,0
DA:258,0
DA:261,0
DA:263,0
DA:267,89
DA:268,1
DA:269,1
DA:271,1
DA:272,1
DA:273,1
DA:276,1
DA:278,1
DA:279,1
DA:284,1
DA:285,1
DA:287,1
DA:290,0
DA:291,0
DA:293,1
DA:297,89
DA:298,1
DA:302,89
DA:303,0
DA:304,0
DA:305,0
DA:306,0
DA:307,0
DA:312,0
DA:313,0
DA:314,0
DA:316,0
DA:319,0
DA:320,0
DA:322,0
DA:326,89
DA:327,0
DA:328,0
DA:333,0
DA:334,0
DA:335,0
DA:336,0
DA:337,0
DA:339,0
DA:342,0
DA:347,89
DA:348,89
DA:349,0
DA:350,89
DA:351,0
DA:352,0
DA:353,0
DA:357,89
DA:358,89
DA:359,0
DA:360,89
DA:361,0
DA:362,0
DA:363,0
DA:506,0
DA:537,0
DA:543,0
DA:549,1
DA:555,1
DA:580,0
DA:606,348
DA:608,0
DA:626,0
DA:677,0
DA:678,0
DA:686,0
DA:690,0
DA:691,0
DA:707,0
DA:708,0
DA:716,0
DA:720,0
DA:721,0
DA:754,0
DA:755,0
DA:756,0
DA:798,0
DA:821,0
DA:852,0
DA:906,1
DA:931,267
DA:933,1
DA:947,1
DA:978,0
DA:1005,0
DA:1042,0
LF:217
LH:98
BRDA:68,0,0,0
BRDA:68,0,1,0
BRDA:68,1,0,0
BRDA:68,1,1,0
BRDA:75,2,0,0
BRDA:75,2,1,0
BRDA:93,3,0,89
BRDA:93,3,1,89
BRDA:101,4,0,44
BRDA:101,4,1,0
BRDA:103,5,0,0
BRDA:103,5,1,44
BRDA:103,6,0,44
BRDA:103,6,1,0
BRDA:103,6,2,0
BRDA:111,7,0,44
BRDA:111,7,1,0
BRDA:116,8,0,44
BRDA:116,8,1,0
BRDA:121,9,0,44
BRDA:121,9,1,0
BRDA:126,10,0,44
BRDA:126,10,1,0
BRDA:131,11,0,44
BRDA:131,11,1,0
BRDA:136,12,0,44
BRDA:136,12,1,0
BRDA:141,13,0,44
BRDA:141,13,1,0
BRDA:158,14,0,0
BRDA:158,14,1,0
BRDA:162,15,0,0
BRDA:162,15,1,0
BRDA:175,16,0,0
BRDA:175,16,1,0
BRDA:184,17,0,0
BRDA:184,17,1,0
BRDA:186,18,0,0
BRDA:186,18,1,0
BRDA:192,19,0,0
BRDA:192,19,1,0
BRDA:204,20,0,0
BRDA:204,20,1,0
BRDA:213,21,0,0
BRDA:213,21,1,0
BRDA:217,22,0,0
BRDA:217,22,1,0
BRDA:236,23,0,0
BRDA:236,23,1,0
BRDA:257,24,0,0
BRDA:257,24,1,0
BRDA:269,25,0,0
BRDA:269,25,1,1
BRDA:285,26,0,1
BRDA:285,26,1,0
BRDA:304,27,0,0
BRDA:304,27,1,0
BRDA:304,28,0,0
BRDA:304,28,1,0
BRDA:313,29,0,0
BRDA:313,29,1,0
BRDA:316,30,0,0
BRDA:316,30,1,0
BRDA:334,31,0,0
BRDA:334,31,1,0
BRDA:339,32,0,0
BRDA:339,32,1,0
BRDA:348,33,0,0
BRDA:348,33,1,89
BRDA:348,33,2,0
BRDA:348,33,3,0
BRDA:348,33,4,0
BRDA:358,34,0,0
BRDA:358,34,1,89
BRDA:358,34,2,0
BRDA:358,34,3,0
BRDA:358,34,4,0
BRDA:429,35,0,0
BRDA:429,35,1,89
BRDA:430,36,0,89
BRDA:430,36,1,0
BRDA:431,37,0,0
BRDA:431,37,1,0
BRDA:451,38,0,89
BRDA:451,38,1,0
BRDA:451,39,0,89
BRDA:451,39,1,89
BRDA:452,40,0,0
BRDA:452,40,1,0
BRDA:459,41,0,89
BRDA:459,41,1,0
BRDA:460,42,0,89
BRDA:460,42,1,89
BRDA:461,43,0,89
BRDA:461,43,1,0
BRDA:462,44,0,89
BRDA:462,44,1,0
BRDA:482,45,0,89
BRDA:482,45,1,0
BRDA:502,46,0,89
BRDA:502,46,1,0
BRDA:538,47,0,87
BRDA:538,47,1,2
BRDA:544,48,0,0
BRDA:544,48,1,89
BRDA:550,49,0,1
BRDA:550,49,1,88
BRDA:556,50,0,1
BRDA:556,50,1,88
BRDA:563,51,0,89
BRDA:588,52,0,87
BRDA:588,52,1,87
BRDA:591,53,0,0
BRDA:592,54,0,0
BRDA:592,54,1,87
BRDA:622,55,0,87
BRDA:622,55,1,0
BRDA:629,56,0,0
BRDA:629,56,1,0
BRDA:630,57,0,0
BRDA:630,57,1,0
BRDA:631,58,0,0
BRDA:631,58,1,0
BRDA:642,59,0,0
BRDA:659,60,0,89
BRDA:683,61,0,0
BRDA:713,62,0,0
BRDA:736,63,0,0
BRDA:737,64,0,0
BRDA:737,64,1,0
BRDA:741,65,0,0
BRDA:755,66,0,0
BRDA:755,66,1,0
BRDA:764,67,0,0
BRDA:764,67,1,0
BRDA:780,68,0,89
BRDA:790,69,0,1
BRDA:801,70,0,0
BRDA:801,70,1,0
BRDA:802,71,0,0
BRDA:802,71,1,0
BRDA:809,72,0,0
BRDA:809,72,1,0
BRDA:820,73,0,0
BRDA:820,73,1,0
BRDA:823,74,0,0
BRDA:823,74,1,0
BRDA:825,75,0,0
BRDA:825,75,1,0
BRDA:830,76,0,0
BRDA:830,76,1,0
BRDA:840,77,0,89
BRDA:855,78,0,0
BRDA:855,78,1,0
BRDA:862,79,0,0
BRDA:862,79,1,0
BRDA:863,80,0,0
BRDA:863,80,1,0
BRDA:864,81,0,0
BRDA:864,81,1,0
BRDA:872,82,0,0
BRDA:908,83,0,1
BRDA:908,83,1,0
BRDA:911,84,0,1
BRDA:911,84,1,0
BRDA:953,85,0,89
BRDA:953,85,1,88
BRDA:957,86,0,1
BRDA:971,87,0,0
BRDA:981,88,0,0
BRDA:981,88,1,0
BRDA:1000,89,0,0
BRDA:1022,90,0,89
BRDA:1050,91,0,0
BRDA:1050,91,1,0
BRDA:1053,92,0,0
BRDA:1054,93,0,0
BRDA:1054,93,1,0
BRF:178
BRH:50
end_of_record
