{"D:\\Desktop\\Challenge 3\\backend\\src\\app.ts": {"path":"D:\\Desktop\\Challenge 3\\backend\\src\\app.ts","statementMap":{"0":{"start":{"line":1,"column":0},"end":{"line":1,"column":30}},"1":{"start":{"line":2,"column":0},"end":{"line":2,"column":24}},"2":{"start":{"line":3,"column":0},"end":{"line":3,"column":28}},"3":{"start":{"line":4,"column":0},"end":{"line":4,"column":43}},"4":{"start":{"line":5,"column":0},"end":{"line":5,"column":37}},"5":{"start":{"line":7,"column":12},"end":{"line":7,"column":21}},"6":{"start":{"line":10,"column":0},"end":{"line":10,"column":18}},"7":{"start":{"line":11,"column":0},"end":{"line":11,"column":59}},"8":{"start":{"line":12,"column":0},"end":{"line":12,"column":24}},"9":{"start":{"line":15,"column":16},"end":{"line":19,"column":2}},"10":{"start":{"line":20,"column":0},"end":{"line":20,"column":26}},"11":{"start":{"line":23,"column":0},"end":{"line":23,"column":30}},"12":{"start":{"line":26,"column":0},"end":{"line":28,"column":3}},"13":{"start":{"line":27,"column":2},"end":{"line":27,"column":76}},"14":{"start":{"line":31,"column":0},"end":{"line":34,"column":3}},"15":{"start":{"line":32,"column":2},"end":{"line":32,"column":27}},"16":{"start":{"line":33,"column":2},"end":{"line":33,"column":59}},"17":{"start":{"line":36,"column":0},"end":{"line":36,"column":19}}},"fnMap":{"0":{"name":"(anonymous_1)","decl":{"start":{"line":26,"column":19},"end":{"line":26,"column":20}},"loc":{"start":{"line":26,"column":32},"end":{"line":28,"column":1}}},"1":{"name":"(anonymous_2)","decl":{"start":{"line":31,"column":8},"end":{"line":31,"column":9}},"loc":{"start":{"line":31,"column":94},"end":{"line":34,"column":1}}}},"branchMap":{"0":{"loc":{"start":{"line":11,"column":23},"end":{"line":11,"column":54}},"type":"binary-expr","locations":[{"start":{"line":11,"column":23},"end":{"line":11,"column":47}},{"start":{"line":11,"column":51},"end":{"line":11,"column":54}}]}},"s":{"0":1,"1":1,"2":1,"3":1,"4":1,"5":1,"6":1,"7":1,"8":1,"9":1,"10":1,"11":1,"12":1,"13":0,"14":1,"15":0,"16":0,"17":1},"f":{"0":0,"1":0},"b":{"0":[1,1]}}
,"D:\\Desktop\\Challenge 3\\backend\\src\\ai\\geminiService.ts": {"path":"D:\\Desktop\\Challenge 3\\backend\\src\\ai\\geminiService.ts","statementMap":{"0":{"start":{"line":1,"column":0},"end":{"line":1,"column":44}},"1":{"start":{"line":2,"column":0},"end":{"line":2,"column":63}},"2":{"start":{"line":4,"column":29},"end":{"line":4,"column":33}},"3":{"start":{"line":5,"column":51},"end":{"line":5,"column":55}},"4":{"start":{"line":7,"column":14},"end":{"line":15,"column":1}},"5":{"start":{"line":8,"column":2},"end":{"line":13,"column":3}},"6":{"start":{"line":9,"column":19},"end":{"line":9,"column":45}},"7":{"start":{"line":10,"column":4},"end":{"line":12,"column":5}},"8":{"start":{"line":11,"column":6},"end":{"line":11,"column":39}},"9":{"start":{"line":14,"column":2},"end":{"line":14,"column":12}},"10":{"start":{"line":17,"column":26},"end":{"line":28,"column":1}},"11":{"start":{"line":18,"column":2},"end":{"line":26,"column":3}},"12":{"start":{"line":19,"column":4},"end":{"line":25,"column":5}},"13":{"start":{"line":22,"column":6},"end":{"line":22,"column":51}},"14":{"start":{"line":24,"column":6},"end":{"line":24,"column":124}},"15":{"start":{"line":27,"column":2},"end":{"line":27,"column":24}},"16":{"start":{"line":31,"column":29},"end":{"line":67,"column":1}},"17":{"start":{"line":32,"column":23},"end":{"line":38,"column":4}},"18":{"start":{"line":40,"column":17},"end":{"line":40,"column":24}},"19":{"start":{"line":41,"column":2},"end":{"line":43,"column":3}},"20":{"start":{"line":42,"column":4},"end":{"line":42,"column":42}},"21":{"start":{"line":45,"column":2},"end":{"line":66,"column":3}},"22":{"start":{"line":47,"column":21},"end":{"line":54,"column":6}},"23":{"start":{"line":49,"column":38},"end":{"line":52,"column":8}},"24":{"start":{"line":56,"column":21},"end":{"line":60,"column":6}},"25":{"start":{"line":62,"column":4},"end":{"line":62,"column":90}},"26":{"start":{"line":64,"column":4},"end":{"line":64,"column":62}},"27":{"start":{"line":65,"column":4},"end":{"line":65,"column":42}},"28":{"start":{"line":31,"column":13},"end":{"line":31,"column":29}},"29":{"start":{"line":70,"column":32},"end":{"line":112,"column":1}},"30":{"start":{"line":71,"column":17},"end":{"line":89,"column":4}},"31":{"start":{"line":91,"column":17},"end":{"line":91,"column":24}},"32":{"start":{"line":92,"column":2},"end":{"line":94,"column":3}},"33":{"start":{"line":93,"column":4},"end":{"line":93,"column":33}},"34":{"start":{"line":96,"column":2},"end":{"line":111,"column":3}},"35":{"start":{"line":97,"column":21},"end":{"line":101,"column":6}},"36":{"start":{"line":103,"column":18},"end":{"line":103,"column":37}},"37":{"start":{"line":104,"column":4},"end":{"line":106,"column":5}},"38":{"start":{"line":105,"column":6},"end":{"line":105,"column":68}},"39":{"start":{"line":107,"column":4},"end":{"line":107,"column":38}},"40":{"start":{"line":109,"column":4},"end":{"line":109,"column":65}},"41":{"start":{"line":110,"column":4},"end":{"line":110,"column":33}},"42":{"start":{"line":70,"column":13},"end":{"line":70,"column":32}},"43":{"start":{"line":115,"column":44},"end":{"line":155,"column":1}},"44":{"start":{"line":116,"column":17},"end":{"line":132,"column":4}},"45":{"start":{"line":134,"column":17},"end":{"line":134,"column":24}},"46":{"start":{"line":135,"column":2},"end":{"line":137,"column":3}},"47":{"start":{"line":136,"column":4},"end":{"line":136,"column":35}},"48":{"start":{"line":139,"column":2},"end":{"line":154,"column":3}},"49":{"start":{"line":140,"column":21},"end":{"line":144,"column":6}},"50":{"start":{"line":146,"column":18},"end":{"line":146,"column":37}},"51":{"start":{"line":147,"column":4},"end":{"line":149,"column":5}},"52":{"start":{"line":148,"column":6},"end":{"line":148,"column":68}},"53":{"start":{"line":150,"column":4},"end":{"line":150,"column":38}},"54":{"start":{"line":152,"column":4},"end":{"line":152,"column":70}},"55":{"start":{"line":153,"column":4},"end":{"line":153,"column":35}},"56":{"start":{"line":115,"column":13},"end":{"line":115,"column":44}},"57":{"start":{"line":158,"column":33},"end":{"line":201,"column":1}},"58":{"start":{"line":159,"column":26},"end":{"line":159,"column":127}},"59":{"start":{"line":159,"column":46},"end":{"line":159,"column":115}},"60":{"start":{"line":161,"column":17},"end":{"line":178,"column":4}},"61":{"start":{"line":180,"column":17},"end":{"line":180,"column":24}},"62":{"start":{"line":181,"column":2},"end":{"line":183,"column":3}},"63":{"start":{"line":182,"column":4},"end":{"line":182,"column":36}},"64":{"start":{"line":185,"column":2},"end":{"line":200,"column":3}},"65":{"start":{"line":186,"column":21},"end":{"line":190,"column":6}},"66":{"start":{"line":192,"column":18},"end":{"line":192,"column":37}},"67":{"start":{"line":193,"column":4},"end":{"line":195,"column":5}},"68":{"start":{"line":194,"column":6},"end":{"line":194,"column":68}},"69":{"start":{"line":196,"column":4},"end":{"line":196,"column":38}},"70":{"start":{"line":198,"column":4},"end":{"line":198,"column":63}},"71":{"start":{"line":199,"column":4},"end":{"line":199,"column":36}},"72":{"start":{"line":158,"column":13},"end":{"line":158,"column":33}},"73":{"start":{"line":204,"column":32},"end":{"line":242,"column":1}},"74":{"start":{"line":205,"column":17},"end":{"line":205,"column":36}},"75":{"start":{"line":206,"column":2},"end":{"line":223,"column":3}},"76":{"start":{"line":207,"column":4},"end":{"line":222,"column":5}},"77":{"start":{"line":208,"column":23},"end":{"line":213,"column":8}},"78":{"start":{"line":214,"column":24},"end":{"line":214,"column":48}},"79":{"start":{"line":215,"column":6},"end":{"line":219,"column":8}},"80":{"start":{"line":221,"column":6},"end":{"line":221,"column":102}},"81":{"start":{"line":226,"column":24},"end":{"line":226,"column":149}},"82":{"start":{"line":227,"column":24},"end":{"line":227,"column":130}},"83":{"start":{"line":229,"column":14},"end":{"line":229,"column":15}},"84":{"start":{"line":230,"column":16},"end":{"line":230,"column":47}},"85":{"start":{"line":231,"column":2},"end":{"line":234,"column":5}},"86":{"start":{"line":232,"column":4},"end":{"line":232,"column":48}},"87":{"start":{"line":232,"column":35},"end":{"line":232,"column":48}},"88":{"start":{"line":233,"column":4},"end":{"line":233,"column":48}},"89":{"start":{"line":233,"column":35},"end":{"line":233,"column":48}},"90":{"start":{"line":236,"column":2},"end":{"line":236,"column":47}},"91":{"start":{"line":237,"column":2},"end":{"line":241,"column":4}},"92":{"start":{"line":204,"column":13},"end":{"line":204,"column":32}},"93":{"start":{"line":248,"column":14},"end":{"line":248,"column":35}},"94":{"start":{"line":249,"column":2},"end":{"line":258,"column":3}},"95":{"start":{"line":250,"column":4},"end":{"line":257,"column":97}},"96":{"start":{"line":260,"column":2},"end":{"line":266,"column":3}},"97":{"start":{"line":261,"column":4},"end":{"line":265,"column":124}},"98":{"start":{"line":268,"column":2},"end":{"line":273,"column":3}},"99":{"start":{"line":269,"column":4},"end":{"line":272,"column":82}},"100":{"start":{"line":275,"column":2},"end":{"line":282,"column":3}},"101":{"start":{"line":276,"column":4},"end":{"line":281,"column":115}},"102":{"start":{"line":284,"column":2},"end":{"line":290,"column":95}},"103":{"start":{"line":294,"column":14},"end":{"line":294,"column":32}},"104":{"start":{"line":295,"column":83},"end":{"line":295,"column":99}},"105":{"start":{"line":296,"column":13},"end":{"line":296,"column":16}},"106":{"start":{"line":297,"column":14},"end":{"line":297,"column":17}},"107":{"start":{"line":298,"column":20},"end":{"line":298,"column":24}},"108":{"start":{"line":300,"column":2},"end":{"line":330,"column":3}},"109":{"start":{"line":301,"column":4},"end":{"line":301,"column":32}},"110":{"start":{"line":302,"column":4},"end":{"line":302,"column":15}},"111":{"start":{"line":303,"column":4},"end":{"line":303,"column":16}},"112":{"start":{"line":304,"column":4},"end":{"line":304,"column":53}},"113":{"start":{"line":305,"column":9},"end":{"line":330,"column":3}},"114":{"start":{"line":306,"column":4},"end":{"line":306,"column":22}},"115":{"start":{"line":307,"column":4},"end":{"line":307,"column":15}},"116":{"start":{"line":308,"column":4},"end":{"line":308,"column":16}},"117":{"start":{"line":309,"column":4},"end":{"line":309,"column":48}},"118":{"start":{"line":310,"column":9},"end":{"line":330,"column":3}},"119":{"start":{"line":311,"column":4},"end":{"line":311,"column":22}},"120":{"start":{"line":312,"column":4},"end":{"line":312,"column":15}},"121":{"start":{"line":313,"column":4},"end":{"line":313,"column":16}},"122":{"start":{"line":314,"column":4},"end":{"line":314,"column":59}},"123":{"start":{"line":315,"column":9},"end":{"line":330,"column":3}},"124":{"start":{"line":316,"column":4},"end":{"line":316,"column":29}},"125":{"start":{"line":317,"column":4},"end":{"line":317,"column":15}},"126":{"start":{"line":318,"column":4},"end":{"line":318,"column":16}},"127":{"start":{"line":319,"column":4},"end":{"line":319,"column":51}},"128":{"start":{"line":320,"column":9},"end":{"line":330,"column":3}},"129":{"start":{"line":321,"column":4},"end":{"line":321,"column":23}},"130":{"start":{"line":322,"column":4},"end":{"line":322,"column":16}},"131":{"start":{"line":323,"column":4},"end":{"line":323,"column":16}},"132":{"start":{"line":324,"column":4},"end":{"line":324,"column":45}},"133":{"start":{"line":325,"column":9},"end":{"line":330,"column":3}},"134":{"start":{"line":326,"column":4},"end":{"line":326,"column":26}},"135":{"start":{"line":327,"column":4},"end":{"line":327,"column":15}},"136":{"start":{"line":328,"column":4},"end":{"line":328,"column":16}},"137":{"start":{"line":329,"column":4},"end":{"line":329,"column":59}},"138":{"start":{"line":332,"column":2},"end":{"line":332,"column":77}},"139":{"start":{"line":336,"column":17},"end":{"line":336,"column":98}},"140":{"start":{"line":337,"column":2},"end":{"line":358,"column":3}},"141":{"start":{"line":338,"column":4},"end":{"line":357,"column":6}},"142":{"start":{"line":360,"column":2},"end":{"line":379,"column":4}},"143":{"start":{"line":383,"column":16},"end":{"line":383,"column":33}},"144":{"start":{"line":384,"column":19},"end":{"line":384,"column":100}},"145":{"start":{"line":384,"column":61},"end":{"line":384,"column":82}},"146":{"start":{"line":385,"column":16},"end":{"line":385,"column":46}},"147":{"start":{"line":386,"column":20},"end":{"line":386,"column":66}},"148":{"start":{"line":388,"column":2},"end":{"line":393,"column":4}}},"fnMap":{"0":{"name":"(anonymous_0)","decl":{"start":{"line":7,"column":14},"end":{"line":7,"column":17}},"loc":{"start":{"line":7,"column":19},"end":{"line":15,"column":1}}},"1":{"name":"(anonymous_1)","decl":{"start":{"line":17,"column":26},"end":{"line":17,"column":29}},"loc":{"start":{"line":17,"column":31},"end":{"line":28,"column":1}}},"2":{"name":"(anonymous_2)","decl":{"start":{"line":31,"column":29},"end":{"line":31,"column":34}},"loc":{"start":{"line":31,"column":79},"end":{"line":67,"column":1}}},"3":{"name":"(anonymous_3)","decl":{"start":{"line":49,"column":25},"end":{"line":49,"column":26}},"loc":{"start":{"line":49,"column":38},"end":{"line":52,"column":8}}},"4":{"name":"(anonymous_4)","decl":{"start":{"line":70,"column":32},"end":{"line":70,"column":37}},"loc":{"start":{"line":70,"column":55},"end":{"line":112,"column":1}}},"5":{"name":"(anonymous_5)","decl":{"start":{"line":115,"column":44},"end":{"line":115,"column":49}},"loc":{"start":{"line":115,"column":93},"end":{"line":155,"column":1}}},"6":{"name":"(anonymous_6)","decl":{"start":{"line":158,"column":33},"end":{"line":158,"column":38}},"loc":{"start":{"line":158,"column":61},"end":{"line":201,"column":1}}},"7":{"name":"(anonymous_7)","decl":{"start":{"line":159,"column":41},"end":{"line":159,"column":42}},"loc":{"start":{"line":159,"column":46},"end":{"line":159,"column":115}}},"8":{"name":"(anonymous_8)","decl":{"start":{"line":204,"column":32},"end":{"line":204,"column":37}},"loc":{"start":{"line":204,"column":55},"end":{"line":242,"column":1}}},"9":{"name":"(anonymous_9)","decl":{"start":{"line":231,"column":16},"end":{"line":231,"column":17}},"loc":{"start":{"line":231,"column":20},"end":{"line":234,"column":3}}},"10":{"name":"mockCoachResponse","decl":{"start":{"line":247,"column":9},"end":{"line":247,"column":26}},"loc":{"start":{"line":247,"column":42},"end":{"line":291,"column":1}}},"11":{"name":"mockActivityNlp","decl":{"start":{"line":293,"column":9},"end":{"line":293,"column":24}},"loc":{"start":{"line":293,"column":37},"end":{"line":333,"column":1}}},"12":{"name":"mockChallenges","decl":{"start":{"line":335,"column":9},"end":{"line":335,"column":23}},"loc":{"start":{"line":335,"column":39},"end":{"line":380,"column":1}}},"13":{"name":"mockForecast","decl":{"start":{"line":382,"column":9},"end":{"line":382,"column":21}},"loc":{"start":{"line":382,"column":39},"end":{"line":394,"column":1}}},"14":{"name":"(anonymous_14)","decl":{"start":{"line":384,"column":49},"end":{"line":384,"column":50}},"loc":{"start":{"line":384,"column":61},"end":{"line":384,"column":82}}}},"branchMap":{"0":{"loc":{"start":{"line":8,"column":2},"end":{"line":13,"column":3}},"type":"if","locations":[{"start":{"line":8,"column":2},"end":{"line":13,"column":3}},{"start":{},"end":{}}]},"1":{"loc":{"start":{"line":10,"column":4},"end":{"line":12,"column":5}},"type":"if","locations":[{"start":{"line":10,"column":4},"end":{"line":12,"column":5}},{"start":{},"end":{}}]},"2":{"loc":{"start":{"line":10,"column":8},"end":{"line":10,"column":38}},"type":"binary-expr","locations":[{"start":{"line":10,"column":8},"end":{"line":10,"column":14}},{"start":{"line":10,"column":18},"end":{"line":10,"column":38}}]},"3":{"loc":{"start":{"line":18,"column":2},"end":{"line":26,"column":3}},"type":"if","locations":[{"start":{"line":18,"column":2},"end":{"line":26,"column":3}},{"start":{},"end":{}}]},"4":{"loc":{"start":{"line":41,"column":2},"end":{"line":43,"column":3}},"type":"if","locations":[{"start":{"line":41,"column":2},"end":{"line":43,"column":3}},{"start":{},"end":{}}]},"5":{"loc":{"start":{"line":50,"column":14},"end":{"line":50,"column":52}},"type":"cond-expr","locations":[{"start":{"line":50,"column":36},"end":{"line":50,"column":42}},{"start":{"line":50,"column":45},"end":{"line":50,"column":52}}]},"6":{"loc":{"start":{"line":62,"column":11},"end":{"line":62,"column":89}},"type":"binary-expr","locations":[{"start":{"line":62,"column":11},"end":{"line":62,"column":24}},{"start":{"line":62,"column":28},"end":{"line":62,"column":89}}]},"7":{"loc":{"start":{"line":92,"column":2},"end":{"line":94,"column":3}},"type":"if","locations":[{"start":{"line":92,"column":2},"end":{"line":94,"column":3}},{"start":{},"end":{}}]},"8":{"loc":{"start":{"line":103,"column":18},"end":{"line":103,"column":37}},"type":"binary-expr","locations":[{"start":{"line":103,"column":18},"end":{"line":103,"column":31}},{"start":{"line":103,"column":35},"end":{"line":103,"column":37}}]},"9":{"loc":{"start":{"line":104,"column":4},"end":{"line":106,"column":5}},"type":"if","locations":[{"start":{"line":104,"column":4},"end":{"line":106,"column":5}},{"start":{},"end":{}}]},"10":{"loc":{"start":{"line":135,"column":2},"end":{"line":137,"column":3}},"type":"if","locations":[{"start":{"line":135,"column":2},"end":{"line":137,"column":3}},{"start":{},"end":{}}]},"11":{"loc":{"start":{"line":146,"column":18},"end":{"line":146,"column":37}},"type":"binary-expr","locations":[{"start":{"line":146,"column":18},"end":{"line":146,"column":31}},{"start":{"line":146,"column":35},"end":{"line":146,"column":37}}]},"12":{"loc":{"start":{"line":147,"column":4},"end":{"line":149,"column":5}},"type":"if","locations":[{"start":{"line":147,"column":4},"end":{"line":149,"column":5}},{"start":{},"end":{}}]},"13":{"loc":{"start":{"line":181,"column":2},"end":{"line":183,"column":3}},"type":"if","locations":[{"start":{"line":181,"column":2},"end":{"line":183,"column":3}},{"start":{},"end":{}}]},"14":{"loc":{"start":{"line":192,"column":18},"end":{"line":192,"column":37}},"type":"binary-expr","locations":[{"start":{"line":192,"column":18},"end":{"line":192,"column":31}},{"start":{"line":192,"column":35},"end":{"line":192,"column":37}}]},"15":{"loc":{"start":{"line":193,"column":4},"end":{"line":195,"column":5}},"type":"if","locations":[{"start":{"line":193,"column":4},"end":{"line":195,"column":5}},{"start":{},"end":{}}]},"16":{"loc":{"start":{"line":206,"column":2},"end":{"line":223,"column":3}},"type":"if","locations":[{"start":{"line":206,"column":2},"end":{"line":223,"column":3}},{"start":{},"end":{}}]},"17":{"loc":{"start":{"line":216,"column":15},"end":{"line":216,"column":36}},"type":"binary-expr","locations":[{"start":{"line":216,"column":15},"end":{"line":216,"column":31}},{"start":{"line":216,"column":35},"end":{"line":216,"column":36}}]},"18":{"loc":{"start":{"line":217,"column":19},"end":{"line":217,"column":44}},"type":"binary-expr","locations":[{"start":{"line":217,"column":19},"end":{"line":217,"column":39}},{"start":{"line":217,"column":43},"end":{"line":217,"column":44}}]},"19":{"loc":{"start":{"line":218,"column":24},"end":{"line":218,"column":126}},"type":"cond-expr","locations":[{"start":{"line":218,"column":57},"end":{"line":218,"column":67}},{"start":{"line":218,"column":70},"end":{"line":218,"column":126}}]},"20":{"loc":{"start":{"line":218,"column":25},"end":{"line":218,"column":46}},"type":"binary-expr","locations":[{"start":{"line":218,"column":25},"end":{"line":218,"column":41}},{"start":{"line":218,"column":45},"end":{"line":218,"column":46}}]},"21":{"loc":{"start":{"line":218,"column":70},"end":{"line":218,"column":126}},"type":"cond-expr","locations":[{"start":{"line":218,"column":104},"end":{"line":218,"column":114}},{"start":{"line":218,"column":117},"end":{"line":218,"column":126}}]},"22":{"loc":{"start":{"line":218,"column":71},"end":{"line":218,"column":92}},"type":"binary-expr","locations":[{"start":{"line":218,"column":71},"end":{"line":218,"column":87}},{"start":{"line":218,"column":91},"end":{"line":218,"column":92}}]},"23":{"loc":{"start":{"line":232,"column":4},"end":{"line":232,"column":48}},"type":"if","locations":[{"start":{"line":232,"column":4},"end":{"line":232,"column":48}},{"start":{},"end":{}}]},"24":{"loc":{"start":{"line":233,"column":4},"end":{"line":233,"column":48}},"type":"if","locations":[{"start":{"line":233,"column":4},"end":{"line":233,"column":48}},{"start":{},"end":{}}]},"25":{"loc":{"start":{"line":240,"column":20},"end":{"line":240,"column":86}},"type":"cond-expr","locations":[{"start":{"line":240,"column":35},"end":{"line":240,"column":45}},{"start":{"line":240,"column":48},"end":{"line":240,"column":86}}]},"26":{"loc":{"start":{"line":240,"column":48},"end":{"line":240,"column":86}},"type":"cond-expr","locations":[{"start":{"line":240,"column":64},"end":{"line":240,"column":74}},{"start":{"line":240,"column":77},"end":{"line":240,"column":86}}]},"27":{"loc":{"start":{"line":249,"column":2},"end":{"line":258,"column":3}},"type":"if","locations":[{"start":{"line":249,"column":2},"end":{"line":258,"column":3}},{"start":{},"end":{}}]},"28":{"loc":{"start":{"line":249,"column":6},"end":{"line":249,"column":51}},"type":"binary-expr","locations":[{"start":{"line":249,"column":6},"end":{"line":249,"column":26}},{"start":{"line":249,"column":30},"end":{"line":249,"column":51}}]},"29":{"loc":{"start":{"line":260,"column":2},"end":{"line":266,"column":3}},"type":"if","locations":[{"start":{"line":260,"column":2},"end":{"line":266,"column":3}},{"start":{},"end":{}}]},"30":{"loc":{"start":{"line":260,"column":6},"end":{"line":260,"column":106}},"type":"binary-expr","locations":[{"start":{"line":260,"column":6},"end":{"line":260,"column":26}},{"start":{"line":260,"column":30},"end":{"line":260,"column":56}},{"start":{"line":260,"column":60},"end":{"line":260,"column":81}},{"start":{"line":260,"column":85},"end":{"line":260,"column":106}}]},"31":{"loc":{"start":{"line":268,"column":2},"end":{"line":273,"column":3}},"type":"if","locations":[{"start":{"line":268,"column":2},"end":{"line":273,"column":3}},{"start":{},"end":{}}]},"32":{"loc":{"start":{"line":268,"column":6},"end":{"line":268,"column":86}},"type":"binary-expr","locations":[{"start":{"line":268,"column":6},"end":{"line":268,"column":24}},{"start":{"line":268,"column":28},"end":{"line":268,"column":55}},{"start":{"line":268,"column":59},"end":{"line":268,"column":86}}]},"33":{"loc":{"start":{"line":275,"column":2},"end":{"line":282,"column":3}},"type":"if","locations":[{"start":{"line":275,"column":2},"end":{"line":282,"column":3}},{"start":{},"end":{}}]},"34":{"loc":{"start":{"line":275,"column":6},"end":{"line":275,"column":87}},"type":"binary-expr","locations":[{"start":{"line":275,"column":6},"end":{"line":275,"column":29}},{"start":{"line":275,"column":33},"end":{"line":275,"column":57}},{"start":{"line":275,"column":61},"end":{"line":275,"column":87}}]},"35":{"loc":{"start":{"line":300,"column":2},"end":{"line":330,"column":3}},"type":"if","locations":[{"start":{"line":300,"column":2},"end":{"line":330,"column":3}},{"start":{"line":305,"column":9},"end":{"line":330,"column":3}}]},"36":{"loc":{"start":{"line":300,"column":6},"end":{"line":300,"column":129}},"type":"binary-expr","locations":[{"start":{"line":300,"column":6},"end":{"line":300,"column":26}},{"start":{"line":300,"column":30},"end":{"line":300,"column":53}},{"start":{"line":300,"column":57},"end":{"line":300,"column":79}},{"start":{"line":300,"column":83},"end":{"line":300,"column":105}},{"start":{"line":300,"column":109},"end":{"line":300,"column":129}}]},"37":{"loc":{"start":{"line":305,"column":9},"end":{"line":330,"column":3}},"type":"if","locations":[{"start":{"line":305,"column":9},"end":{"line":330,"column":3}},{"start":{"line":310,"column":9},"end":{"line":330,"column":3}}]},"38":{"loc":{"start":{"line":305,"column":13},"end":{"line":305,"column":82}},"type":"binary-expr","locations":[{"start":{"line":305,"column":13},"end":{"line":305,"column":34}},{"start":{"line":305,"column":38},"end":{"line":305,"column":58}},{"start":{"line":305,"column":62},"end":{"line":305,"column":82}}]},"39":{"loc":{"start":{"line":310,"column":9},"end":{"line":330,"column":3}},"type":"if","locations":[{"start":{"line":310,"column":9},"end":{"line":330,"column":3}},{"start":{"line":315,"column":9},"end":{"line":330,"column":3}}]},"40":{"loc":{"start":{"line":310,"column":13},"end":{"line":310,"column":120}},"type":"binary-expr","locations":[{"start":{"line":310,"column":13},"end":{"line":310,"column":34}},{"start":{"line":310,"column":38},"end":{"line":310,"column":59}},{"start":{"line":310,"column":63},"end":{"line":310,"column":89}},{"start":{"line":310,"column":93},"end":{"line":310,"column":120}}]},"41":{"loc":{"start":{"line":315,"column":9},"end":{"line":330,"column":3}},"type":"if","locations":[{"start":{"line":315,"column":9},"end":{"line":330,"column":3}},{"start":{"line":320,"column":9},"end":{"line":330,"column":3}}]},"42":{"loc":{"start":{"line":315,"column":13},"end":{"line":315,"column":123}},"type":"binary-expr","locations":[{"start":{"line":315,"column":13},"end":{"line":315,"column":31}},{"start":{"line":315,"column":35},"end":{"line":315,"column":67}},{"start":{"line":315,"column":71},"end":{"line":315,"column":93}},{"start":{"line":315,"column":97},"end":{"line":315,"column":123}}]},"43":{"loc":{"start":{"line":320,"column":9},"end":{"line":330,"column":3}},"type":"if","locations":[{"start":{"line":320,"column":9},"end":{"line":330,"column":3}},{"start":{"line":325,"column":9},"end":{"line":330,"column":3}}]},"44":{"loc":{"start":{"line":320,"column":13},"end":{"line":320,"column":89}},"type":"binary-expr","locations":[{"start":{"line":320,"column":13},"end":{"line":320,"column":36}},{"start":{"line":320,"column":40},"end":{"line":320,"column":63}},{"start":{"line":320,"column":67},"end":{"line":320,"column":89}}]},"45":{"loc":{"start":{"line":325,"column":9},"end":{"line":330,"column":3}},"type":"if","locations":[{"start":{"line":325,"column":9},"end":{"line":330,"column":3}},{"start":{},"end":{}}]},"46":{"loc":{"start":{"line":325,"column":13},"end":{"line":325,"column":87}},"type":"binary-expr","locations":[{"start":{"line":325,"column":13},"end":{"line":325,"column":35}},{"start":{"line":325,"column":39},"end":{"line":325,"column":64}},{"start":{"line":325,"column":68},"end":{"line":325,"column":87}}]},"47":{"loc":{"start":{"line":336,"column":17},"end":{"line":336,"column":98}},"type":"binary-expr","locations":[{"start":{"line":336,"column":17},"end":{"line":336,"column":55}},{"start":{"line":336,"column":59},"end":{"line":336,"column":98}}]},"48":{"loc":{"start":{"line":337,"column":2},"end":{"line":358,"column":3}},"type":"if","locations":[{"start":{"line":337,"column":2},"end":{"line":358,"column":3}},{"start":{},"end":{}}]},"49":{"loc":{"start":{"line":384,"column":19},"end":{"line":384,"column":100}},"type":"cond-expr","locations":[{"start":{"line":384,"column":31},"end":{"line":384,"column":94}},{"start":{"line":384,"column":97},"end":{"line":384,"column":100}}]},"50":{"loc":{"start":{"line":390,"column":11},"end":{"line":390,"column":81}},"type":"cond-expr","locations":[{"start":{"line":390,"column":28},"end":{"line":390,"column":39}},{"start":{"line":390,"column":42},"end":{"line":390,"column":81}}]},"51":{"loc":{"start":{"line":390,"column":42},"end":{"line":390,"column":81}},"type":"cond-expr","locations":[{"start":{"line":390,"column":59},"end":{"line":390,"column":70}},{"start":{"line":390,"column":73},"end":{"line":390,"column":81}}]}},"s":{"0":1,"1":1,"2":1,"3":1,"4":1,"5":6,"6":6,"7":6,"8":0,"9":6,"10":1,"11":2,"12":1,"13":1,"14":0,"15":2,"16":1,"17":1,"18":1,"19":1,"20":1,"21":0,"22":0,"23":0,"24":0,"25":0,"26":0,"27":0,"28":1,"29":1,"30":2,"31":2,"32":2,"33":2,"34":0,"35":0,"36":0,"37":0,"38":0,"39":0,"40":0,"41":0,"42":1,"43":1,"44":2,"45":2,"46":2,"47":2,"48":0,"49":0,"50":0,"51":0,"52":0,"53":0,"54":0,"55":0,"56":1,"57":1,"58":1,"59":1,"60":1,"61":1,"62":1,"63":1,"64":0,"65":0,"66":0,"67":0,"68":0,"69":0,"70":0,"71":0,"72":1,"73":1,"74":2,"75":2,"76":2,"77":2,"78":0,"79":0,"80":2,"81":2,"82":2,"83":2,"84":2,"85":2,"86":10,"87":1,"88":10,"89":3,"90":2,"91":2,"92":1,"93":1,"94":1,"95":0,"96":1,"97":0,"98":1,"99":0,"100":1,"101":0,"102":1,"103":2,"104":2,"105":2,"106":2,"107":2,"108":2,"109":1,"110":1,"111":1,"112":1,"113":1,"114":0,"115":0,"116":0,"117":0,"118":1,"119":0,"120":0,"121":0,"122":0,"123":1,"124":0,"125":0,"126":0,"127":0,"128":1,"129":0,"130":0,"131":0,"132":0,"133":1,"134":0,"135":0,"136":0,"137":0,"138":2,"139":2,"140":2,"141":0,"142":2,"143":1,"144":1,"145":1,"146":1,"147":1,"148":1},"f":{"0":6,"1":2,"2":1,"3":0,"4":2,"5":2,"6":1,"7":1,"8":2,"9":10,"10":1,"11":2,"12":2,"13":1,"14":1},"b":{"0":[6,0],"1":[0,6],"2":[6,0],"3":[1,1],"4":[1,0],"5":[0,0],"6":[0,0],"7":[2,0],"8":[0,0],"9":[0,0],"10":[2,0],"11":[0,0],"12":[0,0],"13":[1,0],"14":[0,0],"15":[0,0],"16":[2,0],"17":[0,0],"18":[0,0],"19":[0,0],"20":[0,0],"21":[0,0],"22":[0,0],"23":[1,9],"24":[3,7],"25":[1,1],"26":[1,0],"27":[0,1],"28":[1,1],"29":[0,1],"30":[1,1,1,1],"31":[0,1],"32":[1,1,1],"33":[0,1],"34":[1,1,1],"35":[1,1],"36":[2,1,1,1,1],"37":[0,1],"38":[1,1,1],"39":[0,1],"40":[1,1,1,1],"41":[0,1],"42":[1,1,1,1],"43":[0,1],"44":[1,1,1],"45":[0,1],"46":[1,1,1],"47":[2,2],"48":[0,2],"49":[1,0],"50":[1,0],"51":[0,0]}}
,"D:\\Desktop\\Challenge 3\\backend\\src\\controllers\\carbonController.ts": {"path":"D:\\Desktop\\Challenge 3\\backend\\src\\controllers\\carbonController.ts","statementMap":{"0":{"start":{"line":2,"column":0},"end":{"line":2,"column":50}},"1":{"start":{"line":3,"column":0},"end":{"line":3,"column":null}},"2":{"start":{"line":10,"column":0},"end":{"line":10,"column":86}},"3":{"start":{"line":11,"column":0},"end":{"line":11,"column":49}},"4":{"start":{"line":14,"column":26},"end":{"line":21,"column":1}},"5":{"start":{"line":15,"column":2},"end":{"line":20,"column":3}},"6":{"start":{"line":16,"column":17},"end":{"line":16,"column":36}},"7":{"start":{"line":17,"column":4},"end":{"line":17,"column":60}},"8":{"start":{"line":19,"column":4},"end":{"line":19,"column":68}},"9":{"start":{"line":14,"column":13},"end":{"line":14,"column":26}},"10":{"start":{"line":23,"column":28},"end":{"line":31,"column":1}},"11":{"start":{"line":24,"column":2},"end":{"line":30,"column":3}},"12":{"start":{"line":25,"column":4},"end":{"line":25,"column":24}},"13":{"start":{"line":26,"column":4},"end":{"line":26,"column":17}},"14":{"start":{"line":27,"column":4},"end":{"line":27,"column":75}},"15":{"start":{"line":29,"column":4},"end":{"line":29,"column":68}},"16":{"start":{"line":23,"column":13},"end":{"line":23,"column":28}},"17":{"start":{"line":33,"column":29},"end":{"line":42,"column":1}},"18":{"start":{"line":34,"column":2},"end":{"line":41,"column":3}},"19":{"start":{"line":35,"column":21},"end":{"line":35,"column":29}},"20":{"start":{"line":36,"column":17},"end":{"line":36,"column":60}},"21":{"start":{"line":37,"column":4},"end":{"line":37,"column":17}},"22":{"start":{"line":38,"column":4},"end":{"line":38,"column":60}},"23":{"start":{"line":40,"column":4},"end":{"line":40,"column":68}},"24":{"start":{"line":33,"column":13},"end":{"line":33,"column":29}},"25":{"start":{"line":45,"column":29},"end":{"line":52,"column":1}},"26":{"start":{"line":46,"column":2},"end":{"line":51,"column":3}},"27":{"start":{"line":47,"column":23},"end":{"line":47,"column":48}},"28":{"start":{"line":48,"column":4},"end":{"line":48,"column":66}},"29":{"start":{"line":50,"column":4},"end":{"line":50,"column":68}},"30":{"start":{"line":45,"column":13},"end":{"line":45,"column":29}},"31":{"start":{"line":54,"column":30},"end":{"line":109,"column":1}},"32":{"start":{"line":55,"column":2},"end":{"line":108,"column":3}},"33":{"start":{"line":56,"column":28},"end":{"line":56,"column":36}},"34":{"start":{"line":59,"column":23},"end":{"line":59,"column":58}},"35":{"start":{"line":62,"column":22},"end":{"line":62,"column":57}},"36":{"start":{"line":65,"column":21},"end":{"line":70,"column":6}},"37":{"start":{"line":73,"column":4},"end":{"line":94,"column":5}},"38":{"start":{"line":74,"column":27},"end":{"line":78,"column":8}},"39":{"start":{"line":79,"column":27},"end":{"line":82,"column":8}},"40":{"start":{"line":84,"column":34},"end":{"line":88,"column":46}},"41":{"start":{"line":90,"column":6},"end":{"line":93,"column":8}},"42":{"start":{"line":96,"column":4},"end":{"line":96,"column":17}},"43":{"start":{"line":98,"column":4},"end":{"line":105,"column":7}},"44":{"start":{"line":107,"column":4},"end":{"line":107,"column":68}},"45":{"start":{"line":54,"column":13},"end":{"line":54,"column":30}},"46":{"start":{"line":112,"column":25},"end":{"line":132,"column":1}},"47":{"start":{"line":113,"column":2},"end":{"line":131,"column":3}},"48":{"start":{"line":114,"column":24},"end":{"line":114,"column":32}},"49":{"start":{"line":117,"column":4},"end":{"line":117,"column":46}},"50":{"start":{"line":119,"column":20},"end":{"line":119,"column":46}},"51":{"start":{"line":121,"column":27},"end":{"line":121,"column":77}},"52":{"start":{"line":124,"column":18},"end":{"line":124,"column":64}},"53":{"start":{"line":126,"column":4},"end":{"line":126,"column":17}},"54":{"start":{"line":128,"column":4},"end":{"line":128,"column":61}},"55":{"start":{"line":130,"column":4},"end":{"line":130,"column":68}},"56":{"start":{"line":112,"column":13},"end":{"line":112,"column":25}},"57":{"start":{"line":134,"column":30},"end":{"line":141,"column":1}},"58":{"start":{"line":135,"column":2},"end":{"line":140,"column":3}},"59":{"start":{"line":136,"column":20},"end":{"line":136,"column":46}},"60":{"start":{"line":137,"column":4},"end":{"line":137,"column":63}},"61":{"start":{"line":139,"column":4},"end":{"line":139,"column":68}},"62":{"start":{"line":134,"column":13},"end":{"line":134,"column":30}},"63":{"start":{"line":144,"column":27},"end":{"line":152,"column":1}},"64":{"start":{"line":145,"column":2},"end":{"line":151,"column":3}},"65":{"start":{"line":146,"column":23},"end":{"line":146,"column":48}},"66":{"start":{"line":147,"column":21},"end":{"line":147,"column":56}},"67":{"start":{"line":148,"column":4},"end":{"line":148,"column":64}},"68":{"start":{"line":150,"column":4},"end":{"line":150,"column":68}},"69":{"start":{"line":144,"column":13},"end":{"line":144,"column":27}},"70":{"start":{"line":155,"column":26},"end":{"line":162,"column":1}},"71":{"start":{"line":156,"column":2},"end":{"line":161,"column":3}},"72":{"start":{"line":157,"column":20},"end":{"line":157,"column":42}},"73":{"start":{"line":158,"column":4},"end":{"line":158,"column":63}},"74":{"start":{"line":160,"column":4},"end":{"line":160,"column":68}},"75":{"start":{"line":155,"column":13},"end":{"line":155,"column":26}},"76":{"start":{"line":165,"column":29},"end":{"line":172,"column":1}},"77":{"start":{"line":166,"column":2},"end":{"line":171,"column":3}},"78":{"start":{"line":167,"column":23},"end":{"line":167,"column":48}},"79":{"start":{"line":168,"column":4},"end":{"line":168,"column":66}},"80":{"start":{"line":170,"column":4},"end":{"line":170,"column":68}},"81":{"start":{"line":165,"column":13},"end":{"line":165,"column":29}},"82":{"start":{"line":174,"column":33},"end":{"line":201,"column":1}},"83":{"start":{"line":175,"column":2},"end":{"line":200,"column":3}},"84":{"start":{"line":176,"column":19},"end":{"line":176,"column":29}},"85":{"start":{"line":177,"column":22},"end":{"line":177,"column":53}},"86":{"start":{"line":178,"column":4},"end":{"line":181,"column":5}},"87":{"start":{"line":179,"column":6},"end":{"line":179,"column":99}},"88":{"start":{"line":180,"column":6},"end":{"line":180,"column":13}},"89":{"start":{"line":184,"column":4},"end":{"line":187,"column":6}},"90":{"start":{"line":189,"column":4},"end":{"line":189,"column":17}},"91":{"start":{"line":191,"column":4},"end":{"line":197,"column":7}},"92":{"start":{"line":199,"column":4},"end":{"line":199,"column":68}},"93":{"start":{"line":174,"column":13},"end":{"line":174,"column":33}},"94":{"start":{"line":203,"column":35},"end":{"line":232,"column":1}},"95":{"start":{"line":204,"column":2},"end":{"line":231,"column":3}},"96":{"start":{"line":205,"column":35},"end":{"line":205,"column":43}},"97":{"start":{"line":206,"column":27},"end":{"line":206,"column":45}},"98":{"start":{"line":207,"column":26},"end":{"line":207,"column":73}},"99":{"start":{"line":209,"column":19},"end":{"line":209,"column":84}},"100":{"start":{"line":212,"column":24},"end":{"line":212,"column":26}},"101":{"start":{"line":213,"column":4},"end":{"line":224,"column":5}},"102":{"start":{"line":214,"column":20},"end":{"line":222,"column":8}},"103":{"start":{"line":223,"column":6},"end":{"line":223,"column":30}},"104":{"start":{"line":226,"column":4},"end":{"line":226,"column":17}},"105":{"start":{"line":228,"column":4},"end":{"line":228,"column":67}},"106":{"start":{"line":230,"column":4},"end":{"line":230,"column":68}},"107":{"start":{"line":203,"column":13},"end":{"line":203,"column":35}},"108":{"start":{"line":235,"column":34},"end":{"line":247,"column":1}},"109":{"start":{"line":236,"column":2},"end":{"line":246,"column":3}},"110":{"start":{"line":237,"column":14},"end":{"line":237,"column":35}},"111":{"start":{"line":238,"column":4},"end":{"line":241,"column":5}},"112":{"start":{"line":239,"column":6},"end":{"line":239,"column":88}},"113":{"start":{"line":240,"column":6},"end":{"line":240,"column":13}},"114":{"start":{"line":242,"column":24},"end":{"line":242,"column":53}},"115":{"start":{"line":243,"column":4},"end":{"line":243,"column":67}},"116":{"start":{"line":245,"column":4},"end":{"line":245,"column":68}},"117":{"start":{"line":235,"column":13},"end":{"line":235,"column":34}},"118":{"start":{"line":249,"column":29},"end":{"line":302,"column":1}},"119":{"start":{"line":250,"column":2},"end":{"line":301,"column":3}},"120":{"start":{"line":251,"column":36},"end":{"line":251,"column":44}},"121":{"start":{"line":253,"column":19},"end":{"line":253,"column":61}},"122":{"start":{"line":255,"column":31},"end":{"line":255,"column":82}},"123":{"start":{"line":256,"column":31},"end":{"line":256,"column":82}},"124":{"start":{"line":257,"column":33},"end":{"line":257,"column":86}},"125":{"start":{"line":259,"column":22},"end":{"line":259,"column":81}},"126":{"start":{"line":260,"column":22},"end":{"line":260,"column":81}},"127":{"start":{"line":261,"column":24},"end":{"line":261,"column":85}},"128":{"start":{"line":263,"column":26},"end":{"line":263,"column":43}},"129":{"start":{"line":264,"column":26},"end":{"line":264,"column":43}},"130":{"start":{"line":265,"column":28},"end":{"line":265,"column":47}},"131":{"start":{"line":267,"column":27},"end":{"line":267,"column":56}},"132":{"start":{"line":268,"column":27},"end":{"line":268,"column":58}},"133":{"start":{"line":270,"column":4},"end":{"line":298,"column":7}},"134":{"start":{"line":300,"column":4},"end":{"line":300,"column":68}},"135":{"start":{"line":249,"column":13},"end":{"line":249,"column":29}},"136":{"start":{"line":305,"column":30},"end":{"line":312,"column":1}},"137":{"start":{"line":306,"column":2},"end":{"line":311,"column":3}},"138":{"start":{"line":307,"column":18},"end":{"line":307,"column":44}},"139":{"start":{"line":308,"column":4},"end":{"line":308,"column":61}},"140":{"start":{"line":310,"column":4},"end":{"line":310,"column":68}},"141":{"start":{"line":305,"column":13},"end":{"line":305,"column":30}},"142":{"start":{"line":314,"column":37},"end":{"line":342,"column":1}},"143":{"start":{"line":315,"column":2},"end":{"line":341,"column":3}},"144":{"start":{"line":316,"column":19},"end":{"line":316,"column":27}},"145":{"start":{"line":318,"column":17},"end":{"line":318,"column":52}},"146":{"start":{"line":319,"column":4},"end":{"line":322,"column":5}},"147":{"start":{"line":320,"column":6},"end":{"line":320,"column":129}},"148":{"start":{"line":321,"column":6},"end":{"line":321,"column":13}},"149":{"start":{"line":325,"column":4},"end":{"line":328,"column":6}},"150":{"start":{"line":330,"column":4},"end":{"line":330,"column":17}},"151":{"start":{"line":332,"column":4},"end":{"line":338,"column":7}},"152":{"start":{"line":340,"column":4},"end":{"line":340,"column":68}},"153":{"start":{"line":314,"column":13},"end":{"line":314,"column":37}},"154":{"start":{"line":345,"column":30},"end":{"line":352,"column":1}},"155":{"start":{"line":346,"column":2},"end":{"line":351,"column":3}},"156":{"start":{"line":347,"column":17},"end":{"line":347,"column":43}},"157":{"start":{"line":348,"column":4},"end":{"line":348,"column":60}},"158":{"start":{"line":350,"column":4},"end":{"line":350,"column":68}},"159":{"start":{"line":345,"column":13},"end":{"line":345,"column":30}}},"fnMap":{"0":{"name":"(anonymous_0)","decl":{"start":{"line":14,"column":26},"end":{"line":14,"column":31}},"loc":{"start":{"line":14,"column":64},"end":{"line":21,"column":1}}},"1":{"name":"(anonymous_1)","decl":{"start":{"line":23,"column":28},"end":{"line":23,"column":33}},"loc":{"start":{"line":23,"column":66},"end":{"line":31,"column":1}}},"2":{"name":"(anonymous_2)","decl":{"start":{"line":33,"column":29},"end":{"line":33,"column":34}},"loc":{"start":{"line":33,"column":67},"end":{"line":42,"column":1}}},"3":{"name":"(anonymous_3)","decl":{"start":{"line":45,"column":29},"end":{"line":45,"column":34}},"loc":{"start":{"line":45,"column":67},"end":{"line":52,"column":1}}},"4":{"name":"(anonymous_4)","decl":{"start":{"line":54,"column":30},"end":{"line":54,"column":35}},"loc":{"start":{"line":54,"column":68},"end":{"line":109,"column":1}}},"5":{"name":"(anonymous_5)","decl":{"start":{"line":112,"column":25},"end":{"line":112,"column":30}},"loc":{"start":{"line":112,"column":63},"end":{"line":132,"column":1}}},"6":{"name":"(anonymous_6)","decl":{"start":{"line":134,"column":30},"end":{"line":134,"column":35}},"loc":{"start":{"line":134,"column":68},"end":{"line":141,"column":1}}},"7":{"name":"(anonymous_7)","decl":{"start":{"line":144,"column":27},"end":{"line":144,"column":32}},"loc":{"start":{"line":144,"column":65},"end":{"line":152,"column":1}}},"8":{"name":"(anonymous_8)","decl":{"start":{"line":155,"column":26},"end":{"line":155,"column":31}},"loc":{"start":{"line":155,"column":64},"end":{"line":162,"column":1}}},"9":{"name":"(anonymous_9)","decl":{"start":{"line":165,"column":29},"end":{"line":165,"column":34}},"loc":{"start":{"line":165,"column":67},"end":{"line":172,"column":1}}},"10":{"name":"(anonymous_10)","decl":{"start":{"line":174,"column":33},"end":{"line":174,"column":38}},"loc":{"start":{"line":174,"column":71},"end":{"line":201,"column":1}}},"11":{"name":"(anonymous_11)","decl":{"start":{"line":203,"column":35},"end":{"line":203,"column":40}},"loc":{"start":{"line":203,"column":73},"end":{"line":232,"column":1}}},"12":{"name":"(anonymous_12)","decl":{"start":{"line":235,"column":34},"end":{"line":235,"column":39}},"loc":{"start":{"line":235,"column":72},"end":{"line":247,"column":1}}},"13":{"name":"(anonymous_13)","decl":{"start":{"line":249,"column":29},"end":{"line":249,"column":34}},"loc":{"start":{"line":249,"column":67},"end":{"line":302,"column":1}}},"14":{"name":"(anonymous_14)","decl":{"start":{"line":305,"column":30},"end":{"line":305,"column":35}},"loc":{"start":{"line":305,"column":68},"end":{"line":312,"column":1}}},"15":{"name":"(anonymous_15)","decl":{"start":{"line":314,"column":37},"end":{"line":314,"column":42}},"loc":{"start":{"line":314,"column":75},"end":{"line":342,"column":1}}},"16":{"name":"(anonymous_16)","decl":{"start":{"line":345,"column":30},"end":{"line":345,"column":35}},"loc":{"start":{"line":345,"column":68},"end":{"line":352,"column":1}}}},"branchMap":{"0":{"loc":{"start":{"line":66,"column":16},"end":{"line":66,"column":55}},"type":"binary-expr","locations":[{"start":{"line":66,"column":16},"end":{"line":66,"column":35}},{"start":{"line":66,"column":39},"end":{"line":66,"column":55}}]},"1":{"loc":{"start":{"line":67,"column":19},"end":{"line":67,"column":56}},"type":"binary-expr","locations":[{"start":{"line":67,"column":19},"end":{"line":67,"column":41}},{"start":{"line":67,"column":45},"end":{"line":67,"column":56}}]},"2":{"loc":{"start":{"line":68,"column":27},"end":{"line":68,"column":55}},"type":"binary-expr","locations":[{"start":{"line":68,"column":27},"end":{"line":68,"column":50}},{"start":{"line":68,"column":54},"end":{"line":68,"column":55}}]},"3":{"loc":{"start":{"line":69,"column":28},"end":{"line":69,"column":57}},"type":"binary-expr","locations":[{"start":{"line":69,"column":28},"end":{"line":69,"column":52}},{"start":{"line":69,"column":56},"end":{"line":69,"column":57}}]},"4":{"loc":{"start":{"line":73,"column":4},"end":{"line":94,"column":5}},"type":"if","locations":[{"start":{"line":73,"column":4},"end":{"line":94,"column":5}},{"start":{},"end":{}}]},"5":{"loc":{"start":{"line":84,"column":34},"end":{"line":88,"column":46}},"type":"cond-expr","locations":[{"start":{"line":85,"column":10},"end":{"line":85,"column":71}},{"start":{"line":86,"column":10},"end":{"line":88,"column":46}}]},"6":{"loc":{"start":{"line":86,"column":10},"end":{"line":88,"column":46}},"type":"cond-expr","locations":[{"start":{"line":87,"column":12},"end":{"line":87,"column":73}},{"start":{"line":88,"column":12},"end":{"line":88,"column":46}}]},"7":{"loc":{"start":{"line":178,"column":4},"end":{"line":181,"column":5}},"type":"if","locations":[{"start":{"line":178,"column":4},"end":{"line":181,"column":5}},{"start":{},"end":{}}]},"8":{"loc":{"start":{"line":206,"column":27},"end":{"line":206,"column":45}},"type":"binary-expr","locations":[{"start":{"line":206,"column":27},"end":{"line":206,"column":34}},{"start":{"line":206,"column":38},"end":{"line":206,"column":45}}]},"9":{"loc":{"start":{"line":207,"column":26},"end":{"line":207,"column":73}},"type":"binary-expr","locations":[{"start":{"line":207,"column":26},"end":{"line":207,"column":35}},{"start":{"line":207,"column":39},"end":{"line":207,"column":73}}]},"10":{"loc":{"start":{"line":218,"column":30},"end":{"line":218,"column":50}},"type":"binary-expr","locations":[{"start":{"line":218,"column":30},"end":{"line":218,"column":45}},{"start":{"line":218,"column":49},"end":{"line":218,"column":50}}]},"11":{"loc":{"start":{"line":219,"column":25},"end":{"line":219,"column":42}},"type":"binary-expr","locations":[{"start":{"line":219,"column":25},"end":{"line":219,"column":35}},{"start":{"line":219,"column":39},"end":{"line":219,"column":42}}]},"12":{"loc":{"start":{"line":220,"column":28},"end":{"line":220,"column":47}},"type":"binary-expr","locations":[{"start":{"line":220,"column":28},"end":{"line":220,"column":41}},{"start":{"line":220,"column":45},"end":{"line":220,"column":47}}]},"13":{"loc":{"start":{"line":238,"column":4},"end":{"line":241,"column":5}},"type":"if","locations":[{"start":{"line":238,"column":4},"end":{"line":241,"column":5}},{"start":{},"end":{}}]},"14":{"loc":{"start":{"line":255,"column":31},"end":{"line":255,"column":82}},"type":"binary-expr","locations":[{"start":{"line":255,"column":31},"end":{"line":255,"column":72}},{"start":{"line":255,"column":76},"end":{"line":255,"column":82}}]},"15":{"loc":{"start":{"line":256,"column":31},"end":{"line":256,"column":82}},"type":"binary-expr","locations":[{"start":{"line":256,"column":31},"end":{"line":256,"column":72}},{"start":{"line":256,"column":76},"end":{"line":256,"column":82}}]},"16":{"loc":{"start":{"line":257,"column":33},"end":{"line":257,"column":86}},"type":"binary-expr","locations":[{"start":{"line":257,"column":33},"end":{"line":257,"column":76}},{"start":{"line":257,"column":80},"end":{"line":257,"column":86}}]},"17":{"loc":{"start":{"line":259,"column":22},"end":{"line":259,"column":81}},"type":"binary-expr","locations":[{"start":{"line":259,"column":22},"end":{"line":259,"column":76}},{"start":{"line":259,"column":80},"end":{"line":259,"column":81}}]},"18":{"loc":{"start":{"line":260,"column":22},"end":{"line":260,"column":81}},"type":"binary-expr","locations":[{"start":{"line":260,"column":22},"end":{"line":260,"column":76}},{"start":{"line":260,"column":80},"end":{"line":260,"column":81}}]},"19":{"loc":{"start":{"line":261,"column":24},"end":{"line":261,"column":85}},"type":"binary-expr","locations":[{"start":{"line":261,"column":24},"end":{"line":261,"column":80}},{"start":{"line":261,"column":84},"end":{"line":261,"column":85}}]},"20":{"loc":{"start":{"line":278,"column":22},"end":{"line":278,"column":72}},"type":"binary-expr","locations":[{"start":{"line":278,"column":22},"end":{"line":278,"column":63}},{"start":{"line":278,"column":67},"end":{"line":278,"column":72}}]},"21":{"loc":{"start":{"line":283,"column":22},"end":{"line":283,"column":72}},"type":"binary-expr","locations":[{"start":{"line":283,"column":22},"end":{"line":283,"column":63}},{"start":{"line":283,"column":67},"end":{"line":283,"column":72}}]},"22":{"loc":{"start":{"line":289,"column":22},"end":{"line":289,"column":74}},"type":"binary-expr","locations":[{"start":{"line":289,"column":22},"end":{"line":289,"column":65}},{"start":{"line":289,"column":69},"end":{"line":289,"column":74}}]},"23":{"loc":{"start":{"line":294,"column":24},"end":{"line":296,"column":107}},"type":"cond-expr","locations":[{"start":{"line":295,"column":12},"end":{"line":295,"column":175}},{"start":{"line":296,"column":12},"end":{"line":296,"column":107}}]},"24":{"loc":{"start":{"line":319,"column":4},"end":{"line":322,"column":5}},"type":"if","locations":[{"start":{"line":319,"column":4},"end":{"line":322,"column":5}},{"start":{},"end":{}}]}},"s":{"0":1,"1":1,"2":1,"3":1,"4":1,"5":1,"6":1,"7":1,"8":0,"9":1,"10":1,"11":0,"12":0,"13":0,"14":0,"15":0,"16":1,"17":1,"18":1,"19":1,"20":1,"21":1,"22":1,"23":0,"24":1,"25":1,"26":1,"27":1,"28":1,"29":0,"30":1,"31":1,"32":1,"33":1,"34":1,"35":1,"36":1,"37":1,"38":1,"39":1,"40":1,"41":1,"42":1,"43":1,"44":0,"45":1,"46":1,"47":1,"48":1,"49":1,"50":1,"51":1,"52":1,"53":1,"54":1,"55":0,"56":1,"57":1,"58":0,"59":0,"60":0,"61":0,"62":1,"63":1,"64":0,"65":0,"66":0,"67":0,"68":0,"69":1,"70":1,"71":0,"72":0,"73":0,"74":0,"75":1,"76":1,"77":1,"78":1,"79":1,"80":0,"81":1,"82":1,"83":0,"84":0,"85":0,"86":0,"87":0,"88":0,"89":0,"90":0,"91":0,"92":0,"93":1,"94":1,"95":0,"96":0,"97":0,"98":0,"99":0,"100":0,"101":0,"102":0,"103":0,"104":0,"105":0,"106":0,"107":1,"108":1,"109":0,"110":0,"111":0,"112":0,"113":0,"114":0,"115":0,"116":0,"117":1,"118":1,"119":1,"120":1,"121":1,"122":1,"123":1,"124":1,"125":1,"126":1,"127":1,"128":1,"129":1,"130":1,"131":1,"132":1,"133":1,"134":0,"135":1,"136":1,"137":0,"138":0,"139":0,"140":0,"141":1,"142":1,"143":0,"144":0,"145":0,"146":0,"147":0,"148":0,"149":0,"150":0,"151":0,"152":0,"153":1,"154":1,"155":0,"156":0,"157":0,"158":0,"159":1},"f":{"0":1,"1":0,"2":1,"3":1,"4":1,"5":1,"6":0,"7":0,"8":0,"9":1,"10":0,"11":0,"12":0,"13":1,"14":0,"15":0,"16":0},"b":{"0":[1,0],"1":[1,0],"2":[1,0],"3":[1,0],"4":[1,0],"5":[1,0],"6":[0,0],"7":[0,0],"8":[0,0],"9":[0,0],"10":[0,0],"11":[0,0],"12":[0,0],"13":[0,0],"14":[1,0],"15":[1,0],"16":[1,0],"17":[1,0],"18":[1,0],"19":[1,0],"20":[1,0],"21":[1,0],"22":[1,0],"23":[0,1],"24":[0,0]}}
,"D:\\Desktop\\Challenge 3\\backend\\src\\middleware\\cache.ts": {"path":"D:\\Desktop\\Challenge 3\\backend\\src\\middleware\\cache.ts","statementMap":{"0":{"start":{"line":3,"column":14},"end":{"line":3,"column":62}},"1":{"start":{"line":5,"column":31},"end":{"line":29,"column":1}},"2":{"start":{"line":6,"column":2},"end":{"line":28,"column":4}},"3":{"start":{"line":7,"column":4},"end":{"line":9,"column":5}},"4":{"start":{"line":8,"column":6},"end":{"line":8,"column":20}},"5":{"start":{"line":11,"column":16},"end":{"line":11,"column":31}},"6":{"start":{"line":12,"column":27},"end":{"line":12,"column":41}},"7":{"start":{"line":14,"column":4},"end":{"line":16,"column":5}},"8":{"start":{"line":15,"column":6},"end":{"line":15,"column":55}},"9":{"start":{"line":18,"column":25},"end":{"line":18,"column":43}},"10":{"start":{"line":19,"column":4},"end":{"line":25,"column":6}},"11":{"start":{"line":21,"column":6},"end":{"line":23,"column":7}},"12":{"start":{"line":22,"column":8},"end":{"line":22,"column":79}},"13":{"start":{"line":24,"column":6},"end":{"line":24,"column":32}},"14":{"start":{"line":27,"column":4},"end":{"line":27,"column":11}},"15":{"start":{"line":5,"column":13},"end":{"line":5,"column":31}},"16":{"start":{"line":31,"column":26},"end":{"line":41,"column":1}},"17":{"start":{"line":32,"column":2},"end":{"line":40,"column":3}},"18":{"start":{"line":33,"column":4},"end":{"line":37,"column":5}},"19":{"start":{"line":34,"column":6},"end":{"line":36,"column":7}},"20":{"start":{"line":35,"column":8},"end":{"line":35,"column":26}},"21":{"start":{"line":39,"column":4},"end":{"line":39,"column":18}},"22":{"start":{"line":31,"column":13},"end":{"line":31,"column":26}}},"fnMap":{"0":{"name":"(anonymous_0)","decl":{"start":{"line":5,"column":31},"end":{"line":5,"column":32}},"loc":{"start":{"line":5,"column":59},"end":{"line":29,"column":1}}},"1":{"name":"(anonymous_1)","decl":{"start":{"line":6,"column":9},"end":{"line":6,"column":10}},"loc":{"start":{"line":6,"column":61},"end":{"line":28,"column":3}}},"2":{"name":"(anonymous_2)","decl":{"start":{"line":19,"column":15},"end":{"line":19,"column":16}},"loc":{"start":{"line":19,"column":29},"end":{"line":25,"column":5}}},"3":{"name":"(anonymous_3)","decl":{"start":{"line":31,"column":26},"end":{"line":31,"column":27}},"loc":{"start":{"line":31,"column":46},"end":{"line":41,"column":1}}}},"branchMap":{"0":{"loc":{"start":{"line":5,"column":32},"end":{"line":5,"column":55}},"type":"default-arg","locations":[{"start":{"line":5,"column":53},"end":{"line":5,"column":55}}]},"1":{"loc":{"start":{"line":7,"column":4},"end":{"line":9,"column":5}},"type":"if","locations":[{"start":{"line":7,"column":4},"end":{"line":9,"column":5}},{"start":{},"end":{}}]},"2":{"loc":{"start":{"line":14,"column":4},"end":{"line":16,"column":5}},"type":"if","locations":[{"start":{"line":14,"column":4},"end":{"line":16,"column":5}},{"start":{},"end":{}}]},"3":{"loc":{"start":{"line":14,"column":8},"end":{"line":14,"column":60}},"type":"binary-expr","locations":[{"start":{"line":14,"column":8},"end":{"line":14,"column":22}},{"start":{"line":14,"column":26},"end":{"line":14,"column":60}}]},"4":{"loc":{"start":{"line":21,"column":6},"end":{"line":23,"column":7}},"type":"if","locations":[{"start":{"line":21,"column":6},"end":{"line":23,"column":7}},{"start":{},"end":{}}]},"5":{"loc":{"start":{"line":21,"column":10},"end":{"line":21,"column":61}},"type":"binary-expr","locations":[{"start":{"line":21,"column":10},"end":{"line":21,"column":32}},{"start":{"line":21,"column":36},"end":{"line":21,"column":61}}]},"6":{"loc":{"start":{"line":32,"column":2},"end":{"line":40,"column":3}},"type":"if","locations":[{"start":{"line":32,"column":2},"end":{"line":40,"column":3}},{"start":{"line":38,"column":9},"end":{"line":40,"column":3}}]},"7":{"loc":{"start":{"line":34,"column":6},"end":{"line":36,"column":7}},"type":"if","locations":[{"start":{"line":34,"column":6},"end":{"line":36,"column":7}},{"start":{},"end":{}}]}},"s":{"0":1,"1":1,"2":9,"3":3,"4":0,"5":3,"6":3,"7":3,"8":0,"9":3,"10":3,"11":3,"12":3,"13":3,"14":3,"15":1,"16":1,"17":3,"18":0,"19":0,"20":0,"21":3,"22":1},"f":{"0":9,"1":3,"2":3,"3":3},"b":{"0":[0],"1":[0,3],"2":[0,3],"3":[3,0],"4":[3,0],"5":[3,3],"6":[0,3],"7":[0,0]}}
,"D:\\Desktop\\Challenge 3\\backend\\src\\middleware\\validate.ts": {"path":"D:\\Desktop\\Challenge 3\\backend\\src\\middleware\\validate.ts","statementMap":{"0":{"start":{"line":4,"column":31},"end":{"line":13,"column":1}},"1":{"start":{"line":5,"column":2},"end":{"line":12,"column":4}},"2":{"start":{"line":6,"column":4},"end":{"line":11,"column":5}},"3":{"start":{"line":7,"column":6},"end":{"line":7,"column":40}},"4":{"start":{"line":8,"column":6},"end":{"line":8,"column":20}},"5":{"start":{"line":10,"column":6},"end":{"line":10,"column":76}},"6":{"start":{"line":4,"column":13},"end":{"line":4,"column":31}}},"fnMap":{"0":{"name":"(anonymous_0)","decl":{"start":{"line":4,"column":31},"end":{"line":4,"column":32}},"loc":{"start":{"line":4,"column":53},"end":{"line":13,"column":1}}},"1":{"name":"(anonymous_1)","decl":{"start":{"line":5,"column":9},"end":{"line":5,"column":14}},"loc":{"start":{"line":5,"column":67},"end":{"line":12,"column":3}}}},"branchMap":{},"s":{"0":1,"1":6,"2":5,"3":5,"4":4,"5":1,"6":1},"f":{"0":6,"1":5},"b":{}}
,"D:\\Desktop\\Challenge 3\\backend\\src\\routes\\api.ts": {"path":"D:\\Desktop\\Challenge 3\\backend\\src\\routes\\api.ts","statementMap":{"0":{"start":{"line":1,"column":0},"end":{"line":1,"column":33}},"1":{"start":{"line":2,"column":0},"end":{"line":2,"column":null}},"2":{"start":{"line":22,"column":0},"end":{"line":22,"column":57}},"3":{"start":{"line":23,"column":0},"end":{"line":23,"column":54}},"4":{"start":{"line":24,"column":0},"end":{"line":24,"column":null}},"5":{"start":{"line":33,"column":15},"end":{"line":33,"column":23}},"6":{"start":{"line":36,"column":0},"end":{"line":36,"column":56}},"7":{"start":{"line":37,"column":0},"end":{"line":37,"column":77}},"8":{"start":{"line":38,"column":0},"end":{"line":38,"column":44}},"9":{"start":{"line":41,"column":0},"end":{"line":41,"column":62}},"10":{"start":{"line":42,"column":0},"end":{"line":42,"column":82}},"11":{"start":{"line":45,"column":0},"end":{"line":45,"column":66}},"12":{"start":{"line":46,"column":0},"end":{"line":46,"column":74}},"13":{"start":{"line":47,"column":0},"end":{"line":47,"column":65}},"14":{"start":{"line":48,"column":0},"end":{"line":48,"column":62}},"15":{"start":{"line":51,"column":0},"end":{"line":51,"column":62}},"16":{"start":{"line":52,"column":0},"end":{"line":52,"column":59}},"17":{"start":{"line":53,"column":0},"end":{"line":53,"column":96}},"18":{"start":{"line":56,"column":0},"end":{"line":56,"column":85}},"19":{"start":{"line":57,"column":0},"end":{"line":57,"column":77}},"20":{"start":{"line":60,"column":0},"end":{"line":60,"column":65}},"21":{"start":{"line":61,"column":0},"end":{"line":61,"column":93}},"22":{"start":{"line":64,"column":0},"end":{"line":64,"column":64}},"23":{"start":{"line":66,"column":0},"end":{"line":66,"column":22}}},"fnMap":{},"branchMap":{},"s":{"0":1,"1":1,"2":1,"3":1,"4":1,"5":1,"6":1,"7":1,"8":1,"9":1,"10":1,"11":1,"12":1,"13":1,"14":1,"15":1,"16":1,"17":1,"18":1,"19":1,"20":1,"21":1,"22":1,"23":1},"f":{},"b":{}}
,"D:\\Desktop\\Challenge 3\\backend\\src\\services\\dbService.ts": {"path":"D:\\Desktop\\Challenge 3\\backend\\src\\services\\dbService.ts","statementMap":{"0":{"start":{"line":1,"column":0},"end":{"line":1,"column":20}},"1":{"start":{"line":2,"column":0},"end":{"line":2,"column":24}},"2":{"start":{"line":82,"column":16},"end":{"line":82,"column":61}},"3":{"start":{"line":84,"column":36},"end":{"line":221,"column":2}},"4":{"start":{"line":224,"column":47},"end":{"line":224,"column":51}},"5":{"start":{"line":227,"column":4},"end":{"line":227,"column":26}},"6":{"start":{"line":227,"column":19},"end":{"line":227,"column":26}},"7":{"start":{"line":229,"column":16},"end":{"line":229,"column":37}},"8":{"start":{"line":230,"column":4},"end":{"line":232,"column":5}},"9":{"start":{"line":231,"column":6},"end":{"line":231,"column":45}},"10":{"start":{"line":234,"column":4},"end":{"line":246,"column":5}},"11":{"start":{"line":235,"column":6},"end":{"line":242,"column":7}},"12":{"start":{"line":236,"column":28},"end":{"line":236,"column":61}},"13":{"start":{"line":237,"column":8},"end":{"line":237,"column":44}},"14":{"start":{"line":239,"column":8},"end":{"line":239,"column":85}},"15":{"start":{"line":240,"column":8},"end":{"line":240,"column":60}},"16":{"start":{"line":241,"column":8},"end":{"line":241,"column":20}},"17":{"start":{"line":244,"column":6},"end":{"line":244,"column":58}},"18":{"start":{"line":245,"column":6},"end":{"line":245,"column":18}},"19":{"start":{"line":250,"column":4},"end":{"line":250,"column":27}},"20":{"start":{"line":250,"column":20},"end":{"line":250,"column":27}},"21":{"start":{"line":251,"column":4},"end":{"line":257,"column":5}},"22":{"start":{"line":253,"column":6},"end":{"line":254,"column":81}},"23":{"start":{"line":254,"column":22},"end":{"line":254,"column":79}},"24":{"start":{"line":256,"column":6},"end":{"line":256,"column":62}},"25":{"start":{"line":261,"column":4},"end":{"line":261,"column":16}},"26":{"start":{"line":262,"column":4},"end":{"line":262,"column":27}},"27":{"start":{"line":266,"column":4},"end":{"line":266,"column":16}},"28":{"start":{"line":267,"column":17},"end":{"line":267,"column":32}},"29":{"start":{"line":270,"column":16},"end":{"line":270,"column":75}},"30":{"start":{"line":271,"column":19},"end":{"line":271,"column":29}},"31":{"start":{"line":272,"column":19},"end":{"line":272,"column":32}},"32":{"start":{"line":274,"column":4},"end":{"line":280,"column":5}},"33":{"start":{"line":275,"column":6},"end":{"line":279,"column":7}},"34":{"start":{"line":276,"column":8},"end":{"line":276,"column":26}},"35":{"start":{"line":277,"column":8},"end":{"line":277,"column":22}},"36":{"start":{"line":278,"column":8},"end":{"line":278,"column":47}},"37":{"start":{"line":282,"column":4},"end":{"line":290,"column":6}},"38":{"start":{"line":293,"column":16},"end":{"line":293,"column":43}},"39":{"start":{"line":294,"column":4},"end":{"line":296,"column":5}},"40":{"start":{"line":295,"column":6},"end":{"line":295,"column":62}},"41":{"start":{"line":298,"column":65},"end":{"line":298,"column":74}},"42":{"start":{"line":299,"column":4},"end":{"line":302,"column":28}},"43":{"start":{"line":299,"column":20},"end":{"line":299,"column":39}},"44":{"start":{"line":300,"column":9},"end":{"line":302,"column":28}},"45":{"start":{"line":300,"column":25},"end":{"line":300,"column":43}},"46":{"start":{"line":301,"column":9},"end":{"line":302,"column":28}},"47":{"start":{"line":301,"column":25},"end":{"line":301,"column":43}},"48":{"start":{"line":302,"column":9},"end":{"line":302,"column":28}},"49":{"start":{"line":304,"column":4},"end":{"line":304,"column":40}},"50":{"start":{"line":305,"column":4},"end":{"line":305,"column":40}},"51":{"start":{"line":308,"column":22},"end":{"line":308,"column":76}},"52":{"start":{"line":308,"column":60},"end":{"line":308,"column":75}},"53":{"start":{"line":309,"column":4},"end":{"line":318,"column":5}},"54":{"start":{"line":310,"column":6},"end":{"line":310,"column":68}},"55":{"start":{"line":311,"column":6},"end":{"line":313,"column":7}},"56":{"start":{"line":312,"column":8},"end":{"line":312,"column":62}},"57":{"start":{"line":315,"column":6},"end":{"line":317,"column":7}},"58":{"start":{"line":316,"column":8},"end":{"line":316,"column":106}},"59":{"start":{"line":320,"column":4},"end":{"line":320,"column":16}},"60":{"start":{"line":321,"column":4},"end":{"line":321,"column":27}},"61":{"start":{"line":325,"column":4},"end":{"line":325,"column":16}},"62":{"start":{"line":326,"column":4},"end":{"line":326,"column":33}},"63":{"start":{"line":330,"column":4},"end":{"line":330,"column":16}},"64":{"start":{"line":331,"column":29},"end":{"line":336,"column":6}},"65":{"start":{"line":337,"column":4},"end":{"line":337,"column":42}},"66":{"start":{"line":340,"column":18},"end":{"line":340,"column":38}},"67":{"start":{"line":341,"column":24},"end":{"line":341,"column":59}},"68":{"start":{"line":342,"column":21},"end":{"line":342,"column":57}},"69":{"start":{"line":343,"column":26},"end":{"line":343,"column":60}},"70":{"start":{"line":345,"column":4},"end":{"line":350,"column":7}},"71":{"start":{"line":352,"column":4},"end":{"line":352,"column":16}},"72":{"start":{"line":353,"column":4},"end":{"line":353,"column":18}},"73":{"start":{"line":357,"column":4},"end":{"line":357,"column":16}},"74":{"start":{"line":358,"column":4},"end":{"line":358,"column":33}},"75":{"start":{"line":362,"column":4},"end":{"line":362,"column":16}},"76":{"start":{"line":363,"column":29},"end":{"line":367,"column":6}},"77":{"start":{"line":368,"column":4},"end":{"line":368,"column":38}},"78":{"start":{"line":369,"column":4},"end":{"line":369,"column":16}},"79":{"start":{"line":370,"column":4},"end":{"line":370,"column":17}},"80":{"start":{"line":374,"column":4},"end":{"line":374,"column":16}},"81":{"start":{"line":375,"column":22},"end":{"line":375,"column":66}},"82":{"start":{"line":375,"column":54},"end":{"line":375,"column":65}},"83":{"start":{"line":376,"column":4},"end":{"line":397,"column":5}},"84":{"start":{"line":377,"column":6},"end":{"line":377,"column":33}},"85":{"start":{"line":380,"column":28},"end":{"line":380,"column":82}},"86":{"start":{"line":381,"column":6},"end":{"line":386,"column":9}},"87":{"start":{"line":389,"column":24},"end":{"line":389,"column":78}},"88":{"start":{"line":389,"column":62},"end":{"line":389,"column":77}},"89":{"start":{"line":390,"column":6},"end":{"line":393,"column":7}},"90":{"start":{"line":391,"column":8},"end":{"line":391,"column":67}},"91":{"start":{"line":392,"column":8},"end":{"line":392,"column":83}},"92":{"start":{"line":395,"column":6},"end":{"line":395,"column":18}},"93":{"start":{"line":396,"column":6},"end":{"line":396,"column":23}},"94":{"start":{"line":398,"column":4},"end":{"line":398,"column":16}},"95":{"start":{"line":402,"column":4},"end":{"line":402,"column":16}},"96":{"start":{"line":403,"column":4},"end":{"line":403,"column":39}},"97":{"start":{"line":407,"column":4},"end":{"line":407,"column":16}},"98":{"start":{"line":408,"column":17},"end":{"line":408,"column":67}},"99":{"start":{"line":408,"column":55},"end":{"line":408,"column":66}},"100":{"start":{"line":409,"column":17},"end":{"line":409,"column":32}},"101":{"start":{"line":410,"column":4},"end":{"line":422,"column":5}},"102":{"start":{"line":411,"column":6},"end":{"line":411,"column":27}},"103":{"start":{"line":414,"column":26},"end":{"line":414,"column":90}},"104":{"start":{"line":415,"column":6},"end":{"line":418,"column":9}},"105":{"start":{"line":420,"column":6},"end":{"line":420,"column":18}},"106":{"start":{"line":421,"column":6},"end":{"line":421,"column":18}},"107":{"start":{"line":423,"column":4},"end":{"line":423,"column":16}},"108":{"start":{"line":427,"column":4},"end":{"line":427,"column":16}},"109":{"start":{"line":429,"column":4},"end":{"line":429,"column":84}},"110":{"start":{"line":429,"column":49},"end":{"line":429,"column":82}},"111":{"start":{"line":433,"column":4},"end":{"line":433,"column":16}},"112":{"start":{"line":434,"column":4},"end":{"line":434,"column":30}},"113":{"start":{"line":438,"column":4},"end":{"line":438,"column":16}},"114":{"start":{"line":439,"column":32},"end":{"line":443,"column":6}},"115":{"start":{"line":444,"column":4},"end":{"line":444,"column":38}},"116":{"start":{"line":445,"column":4},"end":{"line":445,"column":16}},"117":{"start":{"line":446,"column":4},"end":{"line":446,"column":17}},"118":{"start":{"line":450,"column":4},"end":{"line":450,"column":16}},"119":{"start":{"line":451,"column":4},"end":{"line":451,"column":34}},"120":{"start":{"line":455,"column":4},"end":{"line":455,"column":16}},"121":{"start":{"line":456,"column":29},"end":{"line":460,"column":6}},"122":{"start":{"line":461,"column":4},"end":{"line":461,"column":37}},"123":{"start":{"line":463,"column":4},"end":{"line":465,"column":5}},"124":{"start":{"line":464,"column":6},"end":{"line":464,"column":37}},"125":{"start":{"line":466,"column":4},"end":{"line":466,"column":16}},"126":{"start":{"line":467,"column":4},"end":{"line":467,"column":15}},"127":{"start":{"line":471,"column":4},"end":{"line":471,"column":56}},"128":{"start":{"line":472,"column":4},"end":{"line":472,"column":76}},"129":{"start":{"line":473,"column":4},"end":{"line":473,"column":16}},"130":{"start":{"line":223,"column":0},"end":{"line":223,"column":13}}},"fnMap":{"0":{"name":"(anonymous_1)","decl":{"start":{"line":226,"column":10},"end":{"line":226,"column":16}},"loc":{"start":{"line":226,"column":21},"end":{"line":247,"column":3}}},"1":{"name":"(anonymous_2)","decl":{"start":{"line":249,"column":10},"end":{"line":249,"column":16}},"loc":{"start":{"line":249,"column":21},"end":{"line":258,"column":3}}},"2":{"name":"(anonymous_3)","decl":{"start":{"line":254,"column":15},"end":{"line":254,"column":18}},"loc":{"start":{"line":254,"column":22},"end":{"line":254,"column":79}}},"3":{"name":"(anonymous_4)","decl":{"start":{"line":260,"column":9},"end":{"line":260,"column":15}},"loc":{"start":{"line":260,"column":23},"end":{"line":263,"column":3}}},"4":{"name":"(anonymous_5)","decl":{"start":{"line":265,"column":9},"end":{"line":265,"column":15}},"loc":{"start":{"line":265,"column":49},"end":{"line":322,"column":3}}},"5":{"name":"(anonymous_6)","decl":{"start":{"line":308,"column":55},"end":{"line":308,"column":56}},"loc":{"start":{"line":308,"column":60},"end":{"line":308,"column":75}}},"6":{"name":"(anonymous_7)","decl":{"start":{"line":324,"column":9},"end":{"line":324,"column":15}},"loc":{"start":{"line":324,"column":29},"end":{"line":327,"column":3}}},"7":{"name":"(anonymous_8)","decl":{"start":{"line":329,"column":9},"end":{"line":329,"column":15}},"loc":{"start":{"line":329,"column":78},"end":{"line":354,"column":3}}},"8":{"name":"(anonymous_9)","decl":{"start":{"line":356,"column":9},"end":{"line":356,"column":15}},"loc":{"start":{"line":356,"column":29},"end":{"line":359,"column":3}}},"9":{"name":"(anonymous_10)","decl":{"start":{"line":361,"column":9},"end":{"line":361,"column":15}},"loc":{"start":{"line":361,"column":75},"end":{"line":371,"column":3}}},"10":{"name":"(anonymous_11)","decl":{"start":{"line":373,"column":9},"end":{"line":373,"column":15}},"loc":{"start":{"line":373,"column":44},"end":{"line":399,"column":3}}},"11":{"name":"(anonymous_12)","decl":{"start":{"line":375,"column":49},"end":{"line":375,"column":50}},"loc":{"start":{"line":375,"column":54},"end":{"line":375,"column":65}}},"12":{"name":"(anonymous_13)","decl":{"start":{"line":389,"column":57},"end":{"line":389,"column":58}},"loc":{"start":{"line":389,"column":62},"end":{"line":389,"column":77}}},"13":{"name":"(anonymous_14)","decl":{"start":{"line":401,"column":9},"end":{"line":401,"column":15}},"loc":{"start":{"line":401,"column":30},"end":{"line":404,"column":3}}},"14":{"name":"(anonymous_15)","decl":{"start":{"line":406,"column":9},"end":{"line":406,"column":15}},"loc":{"start":{"line":406,"column":48},"end":{"line":424,"column":3}}},"15":{"name":"(anonymous_16)","decl":{"start":{"line":408,"column":50},"end":{"line":408,"column":51}},"loc":{"start":{"line":408,"column":55},"end":{"line":408,"column":66}}},"16":{"name":"(anonymous_17)","decl":{"start":{"line":426,"column":9},"end":{"line":426,"column":15}},"loc":{"start":{"line":426,"column":30},"end":{"line":430,"column":3}}},"17":{"name":"(anonymous_18)","decl":{"start":{"line":429,"column":39},"end":{"line":429,"column":40}},"loc":{"start":{"line":429,"column":49},"end":{"line":429,"column":82}}},"18":{"name":"(anonymous_19)","decl":{"start":{"line":432,"column":9},"end":{"line":432,"column":15}},"loc":{"start":{"line":432,"column":26},"end":{"line":435,"column":3}}},"19":{"name":"(anonymous_20)","decl":{"start":{"line":437,"column":9},"end":{"line":437,"column":15}},"loc":{"start":{"line":437,"column":67},"end":{"line":447,"column":3}}},"20":{"name":"(anonymous_21)","decl":{"start":{"line":449,"column":9},"end":{"line":449,"column":15}},"loc":{"start":{"line":449,"column":30},"end":{"line":452,"column":3}}},"21":{"name":"(anonymous_22)","decl":{"start":{"line":454,"column":9},"end":{"line":454,"column":15}},"loc":{"start":{"line":454,"column":66},"end":{"line":468,"column":3}}},"22":{"name":"(anonymous_23)","decl":{"start":{"line":470,"column":9},"end":{"line":470,"column":15}},"loc":{"start":{"line":470,"column":23},"end":{"line":474,"column":3}}}},"branchMap":{"0":{"loc":{"start":{"line":227,"column":4},"end":{"line":227,"column":26}},"type":"if","locations":[{"start":{"line":227,"column":4},"end":{"line":227,"column":26}},{"start":{},"end":{}}]},"1":{"loc":{"start":{"line":230,"column":4},"end":{"line":232,"column":5}},"type":"if","locations":[{"start":{"line":230,"column":4},"end":{"line":232,"column":5}},{"start":{},"end":{}}]},"2":{"loc":{"start":{"line":234,"column":4},"end":{"line":246,"column":5}},"type":"if","locations":[{"start":{"line":234,"column":4},"end":{"line":246,"column":5}},{"start":{"line":243,"column":11},"end":{"line":246,"column":5}}]},"3":{"loc":{"start":{"line":250,"column":4},"end":{"line":250,"column":27}},"type":"if","locations":[{"start":{"line":250,"column":4},"end":{"line":250,"column":27}},{"start":{},"end":{}}]},"4":{"loc":{"start":{"line":270,"column":16},"end":{"line":270,"column":75}},"type":"cond-expr","locations":[{"start":{"line":270,"column":45},"end":{"line":270,"column":65}},{"start":{"line":270,"column":68},"end":{"line":270,"column":75}}]},"5":{"loc":{"start":{"line":274,"column":4},"end":{"line":280,"column":5}},"type":"if","locations":[{"start":{"line":274,"column":4},"end":{"line":280,"column":5}},{"start":{},"end":{}}]},"6":{"loc":{"start":{"line":288,"column":13},"end":{"line":288,"column":84}},"type":"cond-expr","locations":[{"start":{"line":288,"column":45},"end":{"line":288,"column":71}},{"start":{"line":288,"column":74},"end":{"line":288,"column":84}}]},"7":{"loc":{"start":{"line":289,"column":19},"end":{"line":289,"column":114}},"type":"cond-expr","locations":[{"start":{"line":289,"column":57},"end":{"line":289,"column":95}},{"start":{"line":289,"column":98},"end":{"line":289,"column":114}}]},"8":{"loc":{"start":{"line":294,"column":4},"end":{"line":296,"column":5}},"type":"if","locations":[{"start":{"line":294,"column":4},"end":{"line":296,"column":5}},{"start":{},"end":{}}]},"9":{"loc":{"start":{"line":299,"column":4},"end":{"line":302,"column":28}},"type":"if","locations":[{"start":{"line":299,"column":4},"end":{"line":302,"column":28}},{"start":{"line":300,"column":9},"end":{"line":302,"column":28}}]},"10":{"loc":{"start":{"line":300,"column":9},"end":{"line":302,"column":28}},"type":"if","locations":[{"start":{"line":300,"column":9},"end":{"line":302,"column":28}},{"start":{"line":301,"column":9},"end":{"line":302,"column":28}}]},"11":{"loc":{"start":{"line":301,"column":9},"end":{"line":302,"column":28}},"type":"if","locations":[{"start":{"line":301,"column":9},"end":{"line":302,"column":28}},{"start":{"line":302,"column":9},"end":{"line":302,"column":28}}]},"12":{"loc":{"start":{"line":309,"column":4},"end":{"line":318,"column":5}},"type":"if","locations":[{"start":{"line":309,"column":4},"end":{"line":318,"column":5}},{"start":{},"end":{}}]},"13":{"loc":{"start":{"line":311,"column":6},"end":{"line":313,"column":7}},"type":"if","locations":[{"start":{"line":311,"column":6},"end":{"line":313,"column":7}},{"start":{},"end":{}}]},"14":{"loc":{"start":{"line":315,"column":6},"end":{"line":317,"column":7}},"type":"if","locations":[{"start":{"line":315,"column":6},"end":{"line":317,"column":7}},{"start":{},"end":{}}]},"15":{"loc":{"start":{"line":376,"column":4},"end":{"line":397,"column":5}},"type":"if","locations":[{"start":{"line":376,"column":4},"end":{"line":397,"column":5}},{"start":{},"end":{}}]},"16":{"loc":{"start":{"line":376,"column":8},"end":{"line":376,"column":41}},"type":"binary-expr","locations":[{"start":{"line":376,"column":8},"end":{"line":376,"column":17}},{"start":{"line":376,"column":21},"end":{"line":376,"column":41}}]},"17":{"loc":{"start":{"line":390,"column":6},"end":{"line":393,"column":7}},"type":"if","locations":[{"start":{"line":390,"column":6},"end":{"line":393,"column":7}},{"start":{},"end":{}}]},"18":{"loc":{"start":{"line":410,"column":4},"end":{"line":422,"column":5}},"type":"if","locations":[{"start":{"line":410,"column":4},"end":{"line":422,"column":5}},{"start":{},"end":{}}]},"19":{"loc":{"start":{"line":410,"column":8},"end":{"line":410,"column":62}},"type":"binary-expr","locations":[{"start":{"line":410,"column":8},"end":{"line":410,"column":12}},{"start":{"line":410,"column":16},"end":{"line":410,"column":30}},{"start":{"line":410,"column":34},"end":{"line":410,"column":62}}]},"20":{"loc":{"start":{"line":414,"column":26},"end":{"line":414,"column":90}},"type":"cond-expr","locations":[{"start":{"line":414,"column":49},"end":{"line":414,"column":52}},{"start":{"line":414,"column":55},"end":{"line":414,"column":90}}]},"21":{"loc":{"start":{"line":414,"column":55},"end":{"line":414,"column":90}},"type":"cond-expr","locations":[{"start":{"line":414,"column":82},"end":{"line":414,"column":85}},{"start":{"line":414,"column":88},"end":{"line":414,"column":90}}]},"22":{"loc":{"start":{"line":463,"column":4},"end":{"line":465,"column":5}},"type":"if","locations":[{"start":{"line":463,"column":4},"end":{"line":465,"column":5}},{"start":{},"end":{}}]}},"s":{"0":2,"1":2,"2":2,"3":2,"4":2,"5":33,"6":33,"7":0,"8":0,"9":0,"10":0,"11":0,"12":0,"13":0,"14":0,"15":0,"16":0,"17":0,"18":0,"19":30,"20":0,"21":30,"22":30,"23":0,"24":0,"25":9,"26":9,"27":9,"28":9,"29":9,"30":9,"31":9,"32":9,"33":3,"34":0,"35":0,"36":0,"37":9,"38":9,"39":9,"40":5,"41":9,"42":9,"43":1,"44":8,"45":0,"46":8,"47":7,"48":1,"49":9,"50":9,"51":9,"52":27,"53":9,"54":9,"55":9,"56":2,"57":9,"58":4,"59":9,"60":9,"61":2,"62":2,"63":2,"64":2,"65":2,"66":2,"67":2,"68":2,"69":2,"70":2,"71":2,"72":2,"73":2,"74":2,"75":0,"76":0,"77":0,"78":0,"79":0,"80":1,"81":1,"82":1,"83":1,"84":1,"85":1,"86":1,"87":1,"88":3,"89":1,"90":1,"91":1,"92":1,"93":1,"94":0,"95":2,"96":2,"97":2,"98":2,"99":2,"100":2,"101":2,"102":1,"103":1,"104":1,"105":1,"106":1,"107":1,"108":0,"109":0,"110":0,"111":0,"112":0,"113":1,"114":1,"115":1,"116":1,"117":1,"118":1,"119":1,"120":2,"121":2,"122":2,"123":2,"124":0,"125":2,"126":2,"127":14,"128":14,"129":14,"130":2},"f":{"0":33,"1":30,"2":0,"3":9,"4":9,"5":27,"6":2,"7":2,"8":2,"9":0,"10":1,"11":1,"12":3,"13":2,"14":2,"15":2,"16":0,"17":0,"18":0,"19":1,"20":1,"21":2,"22":14},"b":{"0":[33,0],"1":[0,0],"2":[0,0],"3":[0,30],"4":[3,6],"5":[3,6],"6":[6,3],"7":[4,5],"8":[5,4],"9":[1,8],"10":[0,8],"11":[7,1],"12":[9,0],"13":[2,7],"14":[4,5],"15":[1,0],"16":[1,1],"17":[1,0],"18":[1,1],"19":[2,2,2],"20":[1,0],"21":[0,0],"22":[0,2]}}
,"D:\\Desktop\\Challenge 3\\backend\\src\\validators\\index.ts": {"path":"D:\\Desktop\\Challenge 3\\backend\\src\\validators\\index.ts","statementMap":{"0":{"start":{"line":1,"column":0},"end":{"line":1,"column":24}},"1":{"start":{"line":3,"column":13},"end":{"line":5,"column":3}},"2":{"start":{"line":7,"column":13},"end":{"line":9,"column":3}},"3":{"start":{"line":11,"column":13},"end":{"line":13,"column":3}},"4":{"start":{"line":15,"column":13},"end":{"line":18,"column":3}},"5":{"start":{"line":20,"column":13},"end":{"line":23,"column":3}},"6":{"start":{"line":25,"column":13},"end":{"line":27,"column":3}}},"fnMap":{},"branchMap":{},"s":{"0":2,"1":2,"2":2,"3":2,"4":2,"5":2,"6":2},"f":{},"b":{}}
}
