TN:
SF:src\app.ts
FN:26,(anonymous_1)
FN:31,(anonymous_2)
FNF:2
FNH:0
FNDA:0,(anonymous_1)
FNDA:0,(anonymous_2)
DA:1,1
DA:2,1
DA:3,1
DA:4,1
DA:5,1
DA:7,1
DA:10,1
DA:11,1
DA:12,1
DA:15,1
DA:20,1
DA:23,1
DA:26,1
DA:27,0
DA:31,1
DA:32,0
DA:33,0
DA:36,1
LF:18
LH:15
BRDA:11,0,0,1
BRDA:11,0,1,1
BRF:2
BRH:2
end_of_record
TN:
SF:src\ai\geminiService.ts
FN:7,(anonymous_0)
FN:17,(anonymous_1)
FN:31,(anonymous_2)
FN:49,(anonymous_3)
FN:70,(anonymous_4)
FN:115,(anonymous_5)
FN:158,(anonymous_6)
FN:159,(anonymous_7)
FN:204,(anonymous_8)
FN:231,(anonymous_9)
FN:247,mockCoachResponse
FN:293,mockActivityNlp
FN:335,mockChallenges
FN:382,mockForecast
FN:384,(anonymous_14)
FNF:15
FNH:14
FNDA:6,(anonymous_0)
FNDA:2,(anonymous_1)
FNDA:1,(anonymous_2)
FNDA:0,(anonymous_3)
FNDA:2,(anonymous_4)
FNDA:2,(anonymous_5)
FNDA:1,(anonymous_6)
FNDA:1,(anonymous_7)
FNDA:2,(anonymous_8)
FNDA:10,(anonymous_9)
FNDA:1,mockCoachResponse
FNDA:2,mockActivityNlp
FNDA:2,mockChallenges
FNDA:1,mockForecast
FNDA:1,(anonymous_14)
DA:1,1
DA:2,1
DA:4,1
DA:5,1
DA:7,1
DA:8,6
DA:9,6
DA:10,6
DA:11,0
DA:14,6
DA:17,1
DA:18,2
DA:19,1
DA:22,1
DA:24,0
DA:27,2
DA:31,1
DA:32,1
DA:40,1
DA:41,1
DA:42,1
DA:45,0
DA:47,0
DA:49,0
DA:56,0
DA:62,0
DA:64,0
DA:65,0
DA:70,1
DA:71,2
DA:91,2
DA:92,2
DA:93,2
DA:96,0
DA:97,0
DA:103,0
DA:104,0
DA:105,0
DA:107,0
DA:109,0
DA:110,0
DA:115,1
DA:116,2
DA:134,2
DA:135,2
DA:136,2
DA:139,0
DA:140,0
DA:146,0
DA:147,0
DA:148,0
DA:150,0
DA:152,0
DA:153,0
DA:158,1
DA:159,1
DA:161,1
DA:180,1
DA:181,1
DA:182,1
DA:185,0
DA:186,0
DA:192,0
DA:193,0
DA:194,0
DA:196,0
DA:198,0
DA:199,0
DA:204,1
DA:205,2
DA:206,2
DA:207,2
DA:208,2
DA:214,0
DA:215,0
DA:221,2
DA:226,2
DA:227,2
DA:229,2
DA:230,2
DA:231,2
DA:232,10
DA:233,10
DA:236,2
DA:237,2
DA:248,1
DA:249,1
DA:250,0
DA:260,1
DA:261,0
DA:268,1
DA:269,0
DA:275,1
DA:276,0
DA:284,1
DA:294,2
DA:295,2
DA:296,2
DA:297,2
DA:298,2
DA:300,2
DA:301,1
DA:302,1
DA:303,1
DA:304,1
DA:305,1
DA:306,0
DA:307,0
DA:308,0
DA:309,0
DA:310,1
DA:311,0
DA:312,0
DA:313,0
DA:314,0
DA:315,1
DA:316,0
DA:317,0
DA:318,0
DA:319,0
DA:320,1
DA:321,0
DA:322,0
DA:323,0
DA:324,0
DA:325,1
DA:326,0
DA:327,0
DA:328,0
DA:329,0
DA:332,2
DA:336,2
DA:337,2
DA:338,0
DA:360,2
DA:383,1
DA:384,1
DA:385,1
DA:386,1
DA:388,1
LF:140
LH:80
BRDA:8,0,0,6
BRDA:8,0,1,0
BRDA:10,1,0,0
BRDA:10,1,1,6
BRDA:10,2,0,6
BRDA:10,2,1,0
BRDA:18,3,0,1
BRDA:18,3,1,1
BRDA:41,4,0,1
BRDA:41,4,1,0
BRDA:50,5,0,0
BRDA:50,5,1,0
BRDA:62,6,0,0
BRDA:62,6,1,0
BRDA:92,7,0,2
BRDA:92,7,1,0
BRDA:103,8,0,0
BRDA:103,8,1,0
BRDA:104,9,0,0
BRDA:104,9,1,0
BRDA:135,10,0,2
BRDA:135,10,1,0
BRDA:146,11,0,0
BRDA:146,11,1,0
BRDA:147,12,0,0
BRDA:147,12,1,0
BRDA:181,13,0,1
BRDA:181,13,1,0
BRDA:192,14,0,0
BRDA:192,14,1,0
BRDA:193,15,0,0
BRDA:193,15,1,0
BRDA:206,16,0,2
BRDA:206,16,1,0
BRDA:216,17,0,0
BRDA:216,17,1,0
BRDA:217,18,0,0
BRDA:217,18,1,0
BRDA:218,19,0,0
BRDA:218,19,1,0
BRDA:218,20,0,0
BRDA:218,20,1,0
BRDA:218,21,0,0
BRDA:218,21,1,0
BRDA:218,22,0,0
BRDA:218,22,1,0
BRDA:232,23,0,1
BRDA:232,23,1,9
BRDA:233,24,0,3
BRDA:233,24,1,7
BRDA:240,25,0,1
BRDA:240,25,1,1
BRDA:240,26,0,1
BRDA:240,26,1,0
BRDA:249,27,0,0
BRDA:249,27,1,1
BRDA:249,28,0,1
BRDA:249,28,1,1
BRDA:260,29,0,0
BRDA:260,29,1,1
BRDA:260,30,0,1
BRDA:260,30,1,1
BRDA:260,30,2,1
BRDA:260,30,3,1
BRDA:268,31,0,0
BRDA:268,31,1,1
BRDA:268,32,0,1
BRDA:268,32,1,1
BRDA:268,32,2,1
BRDA:275,33,0,0
BRDA:275,33,1,1
BRDA:275,34,0,1
BRDA:275,34,1,1
BRDA:275,34,2,1
BRDA:300,35,0,1
BRDA:300,35,1,1
BRDA:300,36,0,2
BRDA:300,36,1,1
BRDA:300,36,2,1
BRDA:300,36,3,1
BRDA:300,36,4,1
BRDA:305,37,0,0
BRDA:305,37,1,1
BRDA:305,38,0,1
BRDA:305,38,1,1
BRDA:305,38,2,1
BRDA:310,39,0,0
BRDA:310,39,1,1
BRDA:310,40,0,1
BRDA:310,40,1,1
BRDA:310,40,2,1
BRDA:310,40,3,1
BRDA:315,41,0,0
BRDA:315,41,1,1
BRDA:315,42,0,1
BRDA:315,42,1,1
BRDA:315,42,2,1
BRDA:315,42,3,1
BRDA:320,43,0,0
BRDA:320,43,1,1
BRDA:320,44,0,1
BRDA:320,44,1,1
BRDA:320,44,2,1
BRDA:325,45,0,0
BRDA:325,45,1,1
BRDA:325,46,0,1
BRDA:325,46,1,1
BRDA:325,46,2,1
BRDA:336,47,0,2
BRDA:336,47,1,2
BRDA:337,48,0,0
BRDA:337,48,1,2
BRDA:384,49,0,1
BRDA:384,49,1,0
BRDA:390,50,0,1
BRDA:390,50,1,0
BRDA:390,51,0,0
BRDA:390,51,1,0
BRF:118
BRH:67
end_of_record
TN:
SF:src\controllers\carbonController.ts
FN:14,(anonymous_0)
FN:23,(anonymous_1)
FN:33,(anonymous_2)
FN:45,(anonymous_3)
FN:54,(anonymous_4)
FN:112,(anonymous_5)
FN:134,(anonymous_6)
FN:144,(anonymous_7)
FN:155,(anonymous_8)
FN:165,(anonymous_9)
FN:174,(anonymous_10)
FN:203,(anonymous_11)
FN:235,(anonymous_12)
FN:249,(anonymous_13)
FN:305,(anonymous_14)
FN:314,(anonymous_15)
FN:345,(anonymous_16)
FNF:17
FNH:7
FNDA:1,(anonymous_0)
FNDA:0,(anonymous_1)
FNDA:1,(anonymous_2)
FNDA:1,(anonymous_3)
FNDA:1,(anonymous_4)
FNDA:1,(anonymous_5)
FNDA:0,(anonymous_6)
FNDA:0,(anonymous_7)
FNDA:0,(anonymous_8)
FNDA:1,(anonymous_9)
FNDA:0,(anonymous_10)
FNDA:0,(anonymous_11)
FNDA:0,(anonymous_12)
FNDA:1,(anonymous_13)
FNDA:0,(anonymous_14)
FNDA:0,(anonymous_15)
FNDA:0,(anonymous_16)
DA:2,1
DA:3,1
DA:10,1
DA:11,1
DA:14,1
DA:15,1
DA:16,1
DA:17,1
DA:19,0
DA:23,1
DA:24,0
DA:25,0
DA:26,0
DA:27,0
DA:29,0
DA:33,1
DA:34,1
DA:35,1
DA:36,1
DA:37,1
DA:38,1
DA:40,0
DA:45,1
DA:46,1
DA:47,1
DA:48,1
DA:50,0
DA:54,1
DA:55,1
DA:56,1
DA:59,1
DA:62,1
DA:65,1
DA:73,1
DA:74,1
DA:79,1
DA:84,1
DA:90,1
DA:96,1
DA:98,1
DA:107,0
DA:112,1
DA:113,1
DA:114,1
DA:117,1
DA:119,1
DA:121,1
DA:124,1
DA:126,1
DA:128,1
DA:130,0
DA:134,1
DA:135,0
DA:136,0
DA:137,0
DA:139,0
DA:144,1
DA:145,0
DA:146,0
DA:147,0
DA:148,0
DA:150,0
DA:155,1
DA:156,0
DA:157,0
DA:158,0
DA:160,0
DA:165,1
DA:166,1
DA:167,1
DA:168,1
DA:170,0
DA:174,1
DA:175,0
DA:176,0
DA:177,0
DA:178,0
DA:179,0
DA:180,0
DA:184,0
DA:189,0
DA:191,0
DA:199,0
DA:203,1
DA:204,0
DA:205,0
DA:206,0
DA:207,0
DA:209,0
DA:212,0
DA:213,0
DA:214,0
DA:223,0
DA:226,0
DA:228,0
DA:230,0
DA:235,1
DA:236,0
DA:237,0
DA:238,0
DA:239,0
DA:240,0
DA:242,0
DA:243,0
DA:245,0
DA:249,1
DA:250,1
DA:251,1
DA:253,1
DA:255,1
DA:256,1
DA:257,1
DA:259,1
DA:260,1
DA:261,1
DA:263,1
DA:264,1
DA:265,1
DA:267,1
DA:268,1
DA:270,1
DA:300,0
DA:305,1
DA:306,0
DA:307,0
DA:308,0
DA:310,0
DA:314,1
DA:315,0
DA:316,0
DA:318,0
DA:319,0
DA:320,0
DA:321,0
DA:325,0
DA:330,0
DA:332,0
DA:340,0
DA:345,1
DA:346,0
DA:347,0
DA:348,0
DA:350,0
LF:143
LH:70
BRDA:66,0,0,1
BRDA:66,0,1,0
BRDA:67,1,0,1
BRDA:67,1,1,0
BRDA:68,2,0,1
BRDA:68,2,1,0
BRDA:69,3,0,1
BRDA:69,3,1,0
BRDA:73,4,0,1
BRDA:73,4,1,0
BRDA:84,5,0,1
BRDA:84,5,1,0
BRDA:86,6,0,0
BRDA:86,6,1,0
BRDA:178,7,0,0
BRDA:178,7,1,0
BRDA:206,8,0,0
BRDA:206,8,1,0
BRDA:207,9,0,0
BRDA:207,9,1,0
BRDA:218,10,0,0
BRDA:218,10,1,0
BRDA:219,11,0,0
BRDA:219,11,1,0
BRDA:220,12,0,0
BRDA:220,12,1,0
BRDA:238,13,0,0
BRDA:238,13,1,0
BRDA:255,14,0,1
BRDA:255,14,1,0
BRDA:256,15,0,1
BRDA:256,15,1,0
BRDA:257,16,0,1
BRDA:257,16,1,0
BRDA:259,17,0,1
BRDA:259,17,1,0
BRDA:260,18,0,1
BRDA:260,18,1,0
BRDA:261,19,0,1
BRDA:261,19,1,0
BRDA:278,20,0,1
BRDA:278,20,1,0
BRDA:283,21,0,1
BRDA:283,21,1,0
BRDA:289,22,0,1
BRDA:289,22,1,0
BRDA:294,23,0,0
BRDA:294,23,1,1
BRDA:319,24,0,0
BRDA:319,24,1,0
BRF:50
BRH:16
end_of_record
TN:
SF:src\middleware\cache.ts
FN:5,(anonymous_0)
FN:6,(anonymous_1)
FN:19,(anonymous_2)
FN:31,(anonymous_3)
FNF:4
FNH:4
FNDA:9,(anonymous_0)
FNDA:3,(anonymous_1)
FNDA:3,(anonymous_2)
FNDA:3,(anonymous_3)
DA:3,1
DA:5,1
DA:6,9
DA:7,3
DA:8,0
DA:11,3
DA:12,3
DA:14,3
DA:15,0
DA:18,3
DA:19,3
DA:21,3
DA:22,3
DA:24,3
DA:27,3
DA:31,1
DA:32,3
DA:33,0
DA:34,0
DA:35,0
DA:39,3
LF:21
LH:16
BRDA:5,0,0,0
BRDA:7,1,0,0
BRDA:7,1,1,3
BRDA:14,2,0,0
BRDA:14,2,1,3
BRDA:14,3,0,3
BRDA:14,3,1,0
BRDA:21,4,0,3
BRDA:21,4,1,0
BRDA:21,5,0,3
BRDA:21,5,1,3
BRDA:32,6,0,0
BRDA:32,6,1,3
BRDA:34,7,0,0
BRDA:34,7,1,0
BRF:15
BRH:7
end_of_record
TN:
SF:src\middleware\validate.ts
FN:4,(anonymous_0)
FN:5,(anonymous_1)
FNF:2
FNH:2
FNDA:6,(anonymous_0)
FNDA:5,(anonymous_1)
DA:4,1
DA:5,6
DA:6,5
DA:7,5
DA:8,4
DA:10,1
LF:6
LH:6
BRF:0
BRH:0
end_of_record
TN:
SF:src\routes\api.ts
FNF:0
FNH:0
DA:1,1
DA:2,1
DA:22,1
DA:23,1
DA:24,1
DA:33,1
DA:36,1
DA:37,1
DA:38,1
DA:41,1
DA:42,1
DA:45,1
DA:46,1
DA:47,1
DA:48,1
DA:51,1
DA:52,1
DA:53,1
DA:56,1
DA:57,1
DA:60,1
DA:61,1
DA:64,1
DA:66,1
LF:24
LH:24
BRF:0
BRH:0
end_of_record
TN:
SF:src\services\dbService.ts
FN:226,(anonymous_1)
FN:249,(anonymous_2)
FN:254,(anonymous_3)
FN:260,(anonymous_4)
FN:265,(anonymous_5)
FN:308,(anonymous_6)
FN:324,(anonymous_7)
FN:329,(anonymous_8)
FN:356,(anonymous_9)
FN:361,(anonymous_10)
FN:373,(anonymous_11)
FN:375,(anonymous_12)
FN:389,(anonymous_13)
FN:401,(anonymous_14)
FN:406,(anonymous_15)
FN:408,(anonymous_16)
FN:426,(anonymous_17)
FN:429,(anonymous_18)
FN:432,(anonymous_19)
FN:437,(anonymous_20)
FN:449,(anonymous_21)
FN:454,(anonymous_22)
FN:470,(anonymous_23)
FNF:23
FNH:18
FNDA:33,(anonymous_1)
FNDA:30,(anonymous_2)
FNDA:0,(anonymous_3)
FNDA:9,(anonymous_4)
FNDA:9,(anonymous_5)
FNDA:27,(anonymous_6)
FNDA:2,(anonymous_7)
FNDA:2,(anonymous_8)
FNDA:2,(anonymous_9)
FNDA:0,(anonymous_10)
FNDA:1,(anonymous_11)
FNDA:1,(anonymous_12)
FNDA:3,(anonymous_13)
FNDA:2,(anonymous_14)
FNDA:2,(anonymous_15)
FNDA:2,(anonymous_16)
FNDA:0,(anonymous_17)
FNDA:0,(anonymous_18)
FNDA:0,(anonymous_19)
FNDA:1,(anonymous_20)
FNDA:1,(anonymous_21)
FNDA:2,(anonymous_22)
FNDA:14,(anonymous_23)
DA:1,2
DA:2,2
DA:82,2
DA:84,2
DA:223,2
DA:224,2
DA:227,33
DA:229,0
DA:230,0
DA:231,0
DA:234,0
DA:235,0
DA:236,0
DA:237,0
DA:239,0
DA:240,0
DA:241,0
DA:244,0
DA:245,0
DA:250,30
DA:251,30
DA:253,30
DA:254,0
DA:256,0
DA:261,9
DA:262,9
DA:266,9
DA:267,9
DA:270,9
DA:271,9
DA:272,9
DA:274,9
DA:275,3
DA:276,0
DA:277,0
DA:278,0
DA:282,9
DA:293,9
DA:294,9
DA:295,5
DA:298,9
DA:299,9
DA:300,8
DA:301,8
DA:302,1
DA:304,9
DA:305,9
DA:308,27
DA:309,9
DA:310,9
DA:311,9
DA:312,2
DA:315,9
DA:316,4
DA:320,9
DA:321,9
DA:325,2
DA:326,2
DA:330,2
DA:331,2
DA:337,2
DA:340,2
DA:341,2
DA:342,2
DA:343,2
DA:345,2
DA:352,2
DA:353,2
DA:357,2
DA:358,2
DA:362,0
DA:363,0
DA:368,0
DA:369,0
DA:370,0
DA:374,1
DA:375,1
DA:376,1
DA:377,1
DA:380,1
DA:381,1
DA:389,3
DA:390,1
DA:391,1
DA:392,1
DA:395,1
DA:396,1
DA:398,0
DA:402,2
DA:403,2
DA:407,2
DA:408,2
DA:409,2
DA:410,2
DA:411,1
DA:414,1
DA:415,1
DA:420,1
DA:421,1
DA:423,1
DA:427,0
DA:429,0
DA:433,0
DA:434,0
DA:438,1
DA:439,1
DA:444,1
DA:445,1
DA:446,1
DA:450,1
DA:451,1
DA:455,2
DA:456,2
DA:461,2
DA:463,2
DA:464,0
DA:466,2
DA:467,2
DA:471,14
DA:472,14
DA:473,14
LF:121
LH:93
BRDA:227,0,0,33
BRDA:227,0,1,0
BRDA:230,1,0,0
BRDA:230,1,1,0
BRDA:234,2,0,0
BRDA:234,2,1,0
BRDA:250,3,0,0
BRDA:250,3,1,30
BRDA:270,4,0,3
BRDA:270,4,1,6
BRDA:274,5,0,3
BRDA:274,5,1,6
BRDA:288,6,0,6
BRDA:288,6,1,3
BRDA:289,7,0,4
BRDA:289,7,1,5
BRDA:294,8,0,5
BRDA:294,8,1,4
BRDA:299,9,0,1
BRDA:299,9,1,8
BRDA:300,10,0,0
BRDA:300,10,1,8
BRDA:301,11,0,7
BRDA:301,11,1,1
BRDA:309,12,0,9
BRDA:309,12,1,0
BRDA:311,13,0,2
BRDA:311,13,1,7
BRDA:315,14,0,4
BRDA:315,14,1,5
BRDA:376,15,0,1
BRDA:376,15,1,0
BRDA:376,16,0,1
BRDA:376,16,1,1
BRDA:390,17,0,1
BRDA:390,17,1,0
BRDA:410,18,0,1
BRDA:410,18,1,1
BRDA:410,19,0,2
BRDA:410,19,1,2
BRDA:410,19,2,2
BRDA:414,20,0,1
BRDA:414,20,1,0
BRDA:414,21,0,0
BRDA:414,21,1,0
BRDA:463,22,0,0
BRDA:463,22,1,2
BRF:47
BRH:33
end_of_record
TN:
SF:src\validators\index.ts
FNF:0
FNH:0
DA:1,2
DA:3,2
DA:7,2
DA:11,2
DA:15,2
DA:20,2
DA:25,2
LF:7
LH:7
BRF:0
BRH:0
end_of_record
